#
# There is insufficient memory for the Java Runtime Environment to continue.
# Native memory allocation (malloc) failed to allocate 241712 bytes for Chunk::new
# Possible reasons:
#   The system is out of physical RAM or swap space
#   In 32 bit mode, the process size limit was hit
# Possible solutions:
#   Reduce memory load on the system
#   Increase physical memory or swap space
#   Check if swap backing store is full
#   Use 64 bit Java on a 64 bit OS
#   Decrease Java heap size (-Xmx/-Xms)
#   Decrease number of Java threads
#   Decrease Java thread stack sizes (-Xss)
#   Set larger code cache with -XX:ReservedCodeCacheSize=
# This output file may be truncated or incomplete.
#
#  Out of Memory Error (allocation.cpp:390), pid=39180, tid=38268
#
# JRE version: Java(TM) SE Runtime Environment (8.0_45-b15) (build 1.8.0_45-b15)
# Java VM: Java HotSpot(TM) 64-Bit Server VM (25.45-b02 mixed mode windows-amd64 compressed oops)
# Failed to write core dump. Minidumps are not enabled by default on client versions of Windows
#

---------------  T H R E A D  ---------------

Current thread (0x0000000016f27800):  JavaThread "C2 CompilerThread2" daemon [_thread_in_native, id=38268, stack(0x00000000176f0000,0x00000000177f0000)]

Stack: [0x00000000176f0000,0x00000000177f0000]
Native frames: (J=compiled Java code, j=interpreted, Vv=VM code, C=native code)
V  [jvm.dll+0x32b57a]
V  [jvm.dll+0x279873]
V  [jvm.dll+0x27a509]
V  [jvm.dll+0x271825]
V  [jvm.dll+0xcb9e2]
V  [jvm.dll+0xcbeac]
V  [jvm.dll+0x4929e7]
V  [jvm.dll+0x45f8ca]
V  [jvm.dll+0x46a73b]
V  [jvm.dll+0x46cd52]
V  [jvm.dll+0x4500f2]
V  [jvm.dll+0xa4352]
V  [jvm.dll+0xa4c8f]
V  [jvm.dll+0x241984]
V  [jvm.dll+0x29853a]
C  [msvcr100.dll+0x21d9f]
C  [msvcr100.dll+0x21e3b]
C  [KERNEL32.DLL+0x18102]
C  [ntdll.dll+0x5c5b4]


Current CompileTask:
C2:   4774 1157       4       com.android.dx.ssa.back.LivenessAnalyzer::run (231 bytes)


---------------  P R O C E S S  ---------------

Java Threads: ( => current thread )
  0x000000001710b000 JavaThread "pool-1-thread-1" [_thread_in_Java, id=4540, stack(0x00000000197c0000,0x00000000198c0000)]
  0x0000000016fc1800 JavaThread "Service Thread" daemon [_thread_blocked, id=18792, stack(0x00000000178f0000,0x00000000179f0000)]
  0x0000000016f58800 JavaThread "C1 CompilerThread3" daemon [_thread_in_native, id=15252, stack(0x00000000177f0000,0x00000000178f0000)]
=>0x0000000016f27800 JavaThread "C2 CompilerThread2" daemon [_thread_in_native, id=38268, stack(0x00000000176f0000,0x00000000177f0000)]
  0x0000000016f20000 JavaThread "C2 CompilerThread1" daemon [_thread_in_native, id=14940, stack(0x00000000175f0000,0x00000000176f0000)]
  0x0000000016f1a000 JavaThread "C2 CompilerThread0" daemon [_thread_in_native, id=8968, stack(0x00000000174f0000,0x00000000175f0000)]
  0x0000000016f18000 JavaThread "Attach Listener" daemon [_thread_blocked, id=17528, stack(0x00000000173f0000,0x00000000174f0000)]
  0x0000000016f16800 JavaThread "Signal Dispatcher" daemon [_thread_blocked, id=25256, stack(0x00000000172f0000,0x00000000173f0000)]
  0x00000000023ea800 JavaThread "Finalizer" daemon [_thread_blocked, id=13304, stack(0x0000000016df0000,0x0000000016ef0000)]
  0x00000000023e4000 JavaThread "Reference Handler" daemon [_thread_blocked, id=12536, stack(0x0000000016cf0000,0x0000000016df0000)]
  0x00000000022f2800 JavaThread "main" [_thread_blocked, id=39444, stack(0x00000000021f0000,0x00000000022f0000)]

Other Threads:
  0x0000000014f09000 VMThread [stack: 0x0000000016bf0000,0x0000000016cf0000] [id=37536]
  0x0000000016fc4800 WatcherThread [stack: 0x00000000179f0000,0x0000000017af0000] [id=31840]

VM state:not at safepoint (normal execution)

VM Mutex/Monitor currently owned by a thread: None

Heap:
 PSYoungGen      total 38400K, used 13779K [0x00000000eab00000, 0x00000000ed580000, 0x0000000100000000)
  eden space 33280K, 26% used [0x00000000eab00000,0x00000000eb37ce60,0x00000000ecb80000)
  from space 5120K, 99% used [0x00000000ecb80000,0x00000000ed078048,0x00000000ed080000)
  to   space 5120K, 0% used [0x00000000ed080000,0x00000000ed080000,0x00000000ed580000)
 ParOldGen       total 87552K, used 1783K [0x00000000c0000000, 0x00000000c5580000, 0x00000000eab00000)
  object space 87552K, 2% used [0x00000000c0000000,0x00000000c01bdd70,0x00000000c5580000)
 Metaspace       used 6325K, capacity 7312K, committed 7680K, reserved 1056768K
  class space    used 614K, capacity 648K, committed 768K, reserved 1048576K

Card table byte_map: [0x00000000117b0000,0x00000000119c0000] byte_map_base: 0x00000000111b0000

Marking Bits: (ParMarkBitMap*) 0x00000000662d4040
 Begin Bits: [0x0000000012320000, 0x0000000013320000)
 End Bits:   [0x0000000013320000, 0x0000000014320000)

Polling page: 0x00000000004f0000

CodeCache: size=245760Kb used=5894Kb max_used=5894Kb free=239865Kb
 bounds [0x00000000023f0000, 0x00000000029c0000, 0x00000000113f0000]
 total_blobs=1867 nmethods=1597 adapters=183
 compilation: enabled

Compilation events (10 events):
Event: 3.799 Thread 0x0000000016f58800 1248       3       com.android.dx.ssa.LocalVariableExtractor::doit (59 bytes)
Event: 3.800 Thread 0x0000000016f58800 nmethod 1248 0x00000000028b2310 code [0x00000000028b24c0, 0x00000000028b2a08]
Event: 3.800 Thread 0x0000000016f58800 1245       3       com.android.dx.ssa.back.LivenessAnalyzer::constructInterferenceGraph (47 bytes)
Event: 3.801 Thread 0x0000000016f58800 nmethod 1245 0x00000000028b2c10 code [0x00000000028b2dc0, 0x00000000028b31f8]
Event: 3.801 Thread 0x0000000016f58800 1247       3       com.android.dx.ssa.back.FirstFitLocalCombiningAllocator$Multiset::add (68 bytes)
Event: 3.802 Thread 0x0000000016f58800 nmethod 1247 0x00000000028b33d0 code [0x00000000028b3560, 0x00000000028b3850]
Event: 3.828 Thread 0x0000000016f20000 nmethod 1236 0x00000000028b7210 code [0x00000000028b73c0, 0x00000000028b7ed8]
Event: 3.828 Thread 0x0000000016f20000 1235       4       com.android.dx.ssa.SsaMethod::bitSetFromLabelList (47 bytes)
Event: 3.847 Thread 0x0000000016f20000 nmethod 1235 0x00000000028b4510 code [0x00000000028b4680, 0x00000000028b4b28]
Event: 3.847 Thread 0x0000000016f20000 1240       4       com.android.dx.cf.code.Ropper::getAvailableLabel (54 bytes)

GC Heap History (0 events):
No events

Deoptimization events (7 events):
Event: 1.834 Thread 0x000000001710b000 Uncommon trap: reason=unstable_if action=reinterpret pc=0x00000000025eb420 method=java.util.HashMap.getNode(ILjava/lang/Object;)Ljava/util/HashMap$Node; @ 129
Event: 2.479 Thread 0x00000000170e3800 Uncommon trap: reason=unstable_if action=reinterpret pc=0x0000000002605df0 method=java.util.BitSet.nextSetBit(I)I @ 87
Event: 3.039 Thread 0x00000000170e3800 Uncommon trap: reason=unstable_if action=reinterpret pc=0x00000000026d085c method=com.android.dx.rop.cst.Constant.compareTo(Lcom/android/dx/rop/cst/Constant;)I @ 12
Event: 3.652 Thread 0x000000001710b800 Uncommon trap: reason=unstable_if action=reinterpret pc=0x00000000027f753c method=com.android.dx.util.IntList.binarysearch(I)I @ 105
Event: 3.701 Thread 0x000000001710b000 Uncommon trap: reason=null_check action=make_not_entrant pc=0x000000000268ee64 method=com.android.dx.rop.type.Type.equals(Ljava/lang/Object;)Z @ 8
Event: 3.777 Thread 0x000000001710b800 Uncommon trap: reason=bimorphic action=maybe_recompile pc=0x00000000026064a4 method=java.util.HashMap.getNode(ILjava/lang/Object;)Ljava/util/HashMap$Node; @ 126
Event: 3.777 Thread 0x000000001710b800 Uncommon trap: reason=class_check action=maybe_recompile pc=0x00000000027f1ac4 method=java.util.HashMap.putVal(ILjava/lang/Object;Ljava/lang/Object;ZZ)Ljava/lang/Object; @ 203

Internal exceptions (3 events):
Event: 0.102 Thread 0x00000000022f2800 Exception <a 'java/lang/NoSuchMethodError': Method sun.misc.Unsafe.defineClass(Ljava/lang/String;[BII)Ljava/lang/Class; name or signature does not match> (0x00000000eab0e428) thrown at [C:\re\workspace\8-2-build-windows-amd64-cygwin\jdk8u45\3627\hotspot\sró(ã2Y&∫?
Event: 0.102 Thread 0x00000000022f2800 Exception <a 'java/lang/NoSuchMethodError': Method sun.misc.Unsafe.prefetchRead(Ljava/lang/Object;J)V name or signature does not match> (0x00000000eab0e6b8) thrown at [C:\re\workspace\8-2-build-windows-amd64-cygwin\jdk8u45\3627\hotspot\src\share\vm\prims\jåMS:ú@
Event: 3.701 Thread 0x000000001710b000 Implicit null exception at 0x000000000268ed62 to 0x000000000268ee55

Events (10 events):
Event: 3.701 Thread 0x000000001710b000 DEOPT PACKING pc=0x000000000268ee64 sp=0x0000000017eee980
Event: 3.701 Thread 0x000000001710b000 DEOPT UNPACKING pc=0x000000000243582a sp=0x0000000017eee908 mode 2
Event: 3.777 Thread 0x000000001710b800 DEOPT PACKING pc=0x0000000002742e65 sp=0x0000000017feebe0
Event: 3.777 Thread 0x000000001710b800 DEOPT UNPACKING pc=0x000000000243787f sp=0x0000000017fee9c0 mode 0
Event: 3.777 Thread 0x000000001710b800 Uncommon trap: trap_request=0xffffffc6 fr.pc=0x00000000026064a4
Event: 3.777 Thread 0x000000001710b800 DEOPT PACKING pc=0x00000000026064a4 sp=0x0000000017feec40
Event: 3.777 Thread 0x000000001710b800 DEOPT UNPACKING pc=0x000000000243582a sp=0x0000000017feeb58 mode 2
Event: 3.777 Thread 0x000000001710b800 Uncommon trap: trap_request=0xffffffde fr.pc=0x00000000027f1ac4
Event: 3.777 Thread 0x000000001710b800 DEOPT PACKING pc=0x00000000027f1ac4 sp=0x0000000017feec00
Event: 3.777 Thread 0x000000001710b800 DEOPT UNPACKING pc=0x000000000243582a sp=0x0000000017feeb38 mode 2


Dynamic libraries:
0x00007ff6cb940000 - 0x00007ff6cb977000 	C:\Program Files\Java\jdk1.8.0_45\bin\java.exe
0x00007ffa505c0000 - 0x00007ffa50781000 	C:\WINDOWS\SYSTEM32\ntdll.dll
0x00007ffa4ef00000 - 0x00007ffa4efad000 	C:\WINDOWS\system32\KERNEL32.DLL
0x00007ffa4ce40000 - 0x00007ffa4d028000 	C:\WINDOWS\system32\KERNELBASE.dll
0x00007ffa4e860000 - 0x00007ffa4e907000 	C:\WINDOWS\system32\ADVAPI32.dll
0x00007ffa4ee60000 - 0x00007ffa4eefd000 	C:\WINDOWS\system32\msvcrt.dll
0x00007ffa4e7f0000 - 0x00007ffa4e84b000 	C:\WINDOWS\system32\sechost.dll
0x00007ffa4e910000 - 0x00007ffa4ea2c000 	C:\WINDOWS\system32\RPCRT4.dll
0x00007ffa4d9d0000 - 0x00007ffa4db26000 	C:\WINDOWS\system32\USER32.dll
0x00007ffa4dce0000 - 0x00007ffa4de66000 	C:\WINDOWS\system32\GDI32.dll
0x00007ffa462a0000 - 0x00007ffa46514000 	C:\WINDOWS\WinSxS\amd64_microsoft.windows.common-controls_6595b64144ccf1df_6.0.10586.0_none_8c15ae12515e1c22\COMCTL32.dll
0x00007ffa4eae0000 - 0x00007ffa4ed5d000 	C:\WINDOWS\system32\combase.dll
0x00007ffa4d950000 - 0x00007ffa4d9ba000 	C:\WINDOWS\system32\bcryptPrimitives.dll
0x00007ffa50510000 - 0x00007ffa5054b000 	C:\WINDOWS\system32\IMM32.DLL
0x0000000064f30000 - 0x0000000065002000 	C:\Program Files\Java\jdk1.8.0_45\jre\bin\msvcr100.dll
0x0000000065ad0000 - 0x0000000066353000 	C:\Program Files\Java\jdk1.8.0_45\jre\bin\server\jvm.dll
0x00007ffa4ee50000 - 0x00007ffa4ee58000 	C:\WINDOWS\system32\PSAPI.DLL
0x00007ffa3e540000 - 0x00007ffa3e549000 	C:\WINDOWS\SYSTEM32\WSOCK32.dll
0x00007ffa4ac40000 - 0x00007ffa4ac63000 	C:\WINDOWS\SYSTEM32\WINMM.dll
0x00007ffa470a0000 - 0x00007ffa470aa000 	C:\WINDOWS\SYSTEM32\VERSION.dll
0x00007ffa4e620000 - 0x00007ffa4e68b000 	C:\WINDOWS\system32\WS2_32.dll
0x0000000000a40000 - 0x0000000000a6c000 	C:\WINDOWS\SYSTEM32\WINMMBASE.dll
0x00007ffa4d030000 - 0x00007ffa4d073000 	C:\WINDOWS\system32\cfgmgr32.dll
0x0000000065ac0000 - 0x0000000065acf000 	C:\Program Files\Java\jdk1.8.0_45\jre\bin\verify.dll
0x0000000065a90000 - 0x0000000065ab9000 	C:\Program Files\Java\jdk1.8.0_45\jre\bin\java.dll
0x0000000065a70000 - 0x0000000065a86000 	C:\Program Files\Java\jdk1.8.0_45\jre\bin\zip.dll
0x00007ffa4efb0000 - 0x00007ffa5050c000 	C:\WINDOWS\system32\SHELL32.dll
0x00007ffa4d0a0000 - 0x00007ffa4d6e5000 	C:\WINDOWS\system32\windows.storage.dll
0x00007ffa4e5c0000 - 0x00007ffa4e612000 	C:\WINDOWS\system32\shlwapi.dll
0x00007ffa4cc60000 - 0x00007ffa4cc6f000 	C:\WINDOWS\system32\kernel.appcore.dll
0x00007ffa4d780000 - 0x00007ffa4d835000 	C:\WINDOWS\system32\shcore.dll
0x00007ffa4cc10000 - 0x00007ffa4cc5b000 	C:\WINDOWS\system32\powrprof.dll
0x00007ffa4cbe0000 - 0x00007ffa4cbf4000 	C:\WINDOWS\system32\profapi.dll
0x00007ffa24ae0000 - 0x00007ffa24c6c000 	C:\WINDOWS\SYSTEM32\dbghelp.dll

VM Arguments:
jvm_args: -Djava.awt.headless=true -Xmx1024M -Dfile.encoding=windows-1252 -Duser.country=US -Duser.language=en -Duser.variant 
java_command: com.android.dx.command.Main --dex --force-jumbo --num-threads=4 --multi-dex --output E:\DevLife\MemoryLayersProject\Android\code\codev2\MemoryLayers\app\build\intermediates\transforms\dex\debug\folders\1000\10\com.android.support-support-vector-drawable-23.3.0_4d0afd30aab93a9687c6a02b5fcc2e206e9666d5 E:\DevLife\MemoryLayersProject\Android\code\codev2\MemoryLayers\app\build\intermediates\exploded-aar\com.android.support\support-vector-drawable\23.3.0\jars\classes.jar
java_class_path (initial): C:\Users\ahmed.marzouk\AppData\Local\Android\sdk\build-tools\23.0.3\lib\dx.jar
Launcher Type: SUN_STANDARD

Environment Variables:
JAVA_HOME=C:\PROGRA~1\Java\JDK18~1.0_4
USERNAME=ahmed.marzouk
OS=Windows_NT
PROCESSOR_IDENTIFIER=Intel64 Family 6 Model 60 Stepping 3, GenuineIntel



---------------  S Y S T E M  ---------------

OS: Windows 10.0 , 64 bit Build 10586 (10.0.10586.0)

CPU:total 8 (4 cores per cpu, 2 threads per core) family 6 model 60 stepping 3, cmov, cx8, fxsr, mmx, sse, sse2, sse3, ssse3, sse4.1, sse4.2, popcnt, avx, avx2, aes, clmul, erms, lzcnt, ht, tsc, tscinvbit, bmi1, bmi2

Memory: 4k page, physical 8298776k(835860k free), swap 12994840k(28036k free)

vm_info: Java HotSpot(TM) 64-Bit Server VM (25.45-b02) for windows-amd64 JRE (1.8.0_45-b15), built on Apr 30 2015 12:40:44 by "java_re" with MS VC++ 10.0 (VS2010)

time: Sat Apr 16 07:20:04 2016
elapsed time: 4 seconds (0d 0h 0m 4s)

