#
# There is insufficient memory for the Java Runtime Environment to continue.
# Native memory allocation (malloc) failed to allocate 32784 bytes for Chunk::new
# Possible reasons:
#   The system is out of physical RAM or swap space
#   In 32 bit mode, the process size limit was hit
# Possible solutions:
#   Reduce memory load on the system
#   Increase physical memory or swap space
#   Check if swap backing store is full
#   Use 64 bit Java on a 64 bit OS
#   Decrease Java heap size (-Xmx/-Xms)
#   Decrease number of Java threads
#   Decrease Java thread stack sizes (-Xss)
#   Set larger code cache with -XX:ReservedCodeCacheSize=
# This output file may be truncated or incomplete.
#
#  Out of Memory Error (allocation.cpp:390), pid=29424, tid=16156
#
# JRE version: Java(TM) SE Runtime Environment (8.0_45-b15) (build 1.8.0_45-b15)
# Java VM: Java HotSpot(TM) 64-Bit Server VM (25.45-b02 mixed mode windows-amd64 compressed oops)
# Failed to write core dump. Minidumps are not enabled by default on client versions of Windows
#

---------------  T H R E A D  ---------------

Current thread (0x0000000016ea9000):  JavaThread "C2 CompilerThread0" daemon [_thread_in_native, id=16156, stack(0x0000000017480000,0x0000000017580000)]

Stack: [0x0000000017480000,0x0000000017580000]
Native frames: (J=compiled Java code, j=interpreted, Vv=VM code, C=native code)
V  [jvm.dll+0x32b57a]
V  [jvm.dll+0x279873]
V  [jvm.dll+0x27a509]
V  [jvm.dll+0x271825]
V  [jvm.dll+0xcb9e2]
V  [jvm.dll+0xcbeac]
V  [jvm.dll+0xcc204]
V  [jvm.dll+0x4ea280]
V  [jvm.dll+0x4bc678]
V  [jvm.dll+0x4cc261]
V  [jvm.dll+0x4cc3ea]
V  [jvm.dll+0x4cbd48]
V  [jvm.dll+0x4cbd67]
V  [jvm.dll+0x4b9b23]
V  [jvm.dll+0x46baa8]
V  [jvm.dll+0x46ccbe]
V  [jvm.dll+0x4500f2]
V  [jvm.dll+0xa4352]
V  [jvm.dll+0xa4c8f]
V  [jvm.dll+0x241984]
V  [jvm.dll+0x29853a]
C  [msvcr100.dll+0x21d9f]
C  [msvcr100.dll+0x21e3b]
C  [KERNEL32.DLL+0x18102]
C  [ntdll.dll+0x5c5b4]


Current CompileTask:
C2:   1688 1050       4       com.android.dx.ssa.SCCP::simulateStmt (481 bytes)


---------------  P R O C E S S  ---------------

Java Threads: ( => current thread )
  0x0000000002292800 JavaThread "DestroyJavaVM" [_thread_blocked, id=39500, stack(0x0000000002160000,0x0000000002260000)]
  0x0000000016f45000 JavaThread "Service Thread" daemon [_thread_blocked, id=40456, stack(0x0000000017880000,0x0000000017980000)]
  0x0000000016eb1800 JavaThread "C1 CompilerThread3" daemon [_thread_blocked, id=38936, stack(0x0000000017780000,0x0000000017880000)]
  0x0000000016eb0000 JavaThread "C2 CompilerThread2" daemon [_thread_in_native, id=37132, stack(0x0000000017680000,0x0000000017780000)]
  0x0000000016eb5000 JavaThread "C2 CompilerThread1" daemon [_thread_in_native, id=39200, stack(0x0000000017580000,0x0000000017680000)]
=>0x0000000016ea9000 JavaThread "C2 CompilerThread0" daemon [_thread_in_native, id=16156, stack(0x0000000017480000,0x0000000017580000)]
  0x0000000016ea7000 JavaThread "Attach Listener" daemon [_thread_blocked, id=23280, stack(0x0000000017380000,0x0000000017480000)]
  0x0000000016ea5800 JavaThread "Signal Dispatcher" daemon [_thread_blocked, id=27292, stack(0x0000000017280000,0x0000000017380000)]
  0x000000000238a800 JavaThread "Finalizer" daemon [_thread_blocked, id=19520, stack(0x0000000016d80000,0x0000000016e80000)]
  0x0000000002384000 JavaThread "Reference Handler" daemon [_thread_blocked, id=25208, stack(0x0000000016c80000,0x0000000016d80000)]

Other Threads:
  0x0000000014ea9000 VMThread [stack: 0x0000000016b80000,0x0000000016c80000] [id=28532]
  0x0000000016f51000 WatcherThread [stack: 0x0000000017980000,0x0000000017a80000] [id=38788]

VM state:not at safepoint (normal execution)

VM Mutex/Monitor currently owned by a thread: None

Heap:
 PSYoungGen      total 38400K, used 35910K [0x00000000eab00000, 0x00000000ed580000, 0x0000000100000000)
  eden space 33280K, 92% used [0x00000000eab00000,0x00000000ec918fe0,0x00000000ecb80000)
  from space 5120K, 99% used [0x00000000ecb80000,0x00000000ed0789c8,0x00000000ed080000)
  to   space 5120K, 0% used [0x00000000ed080000,0x00000000ed080000,0x00000000ed580000)
 ParOldGen       total 87552K, used 1918K [0x00000000c0000000, 0x00000000c5580000, 0x00000000eab00000)
  object space 87552K, 2% used [0x00000000c0000000,0x00000000c01df8e0,0x00000000c5580000)
 Metaspace       used 6789K, capacity 7416K, committed 7680K, reserved 1056768K
  class space    used 669K, capacity 688K, committed 768K, reserved 1048576K

Card table byte_map: [0x0000000011750000,0x0000000011960000] byte_map_base: 0x0000000011150000

Marking Bits: (ParMarkBitMap*) 0x00000000662d4040
 Begin Bits: [0x00000000122c0000, 0x00000000132c0000)
 End Bits:   [0x00000000132c0000, 0x00000000142c0000)

Polling page: 0x0000000000930000

CodeCache: size=245760Kb used=5617Kb max_used=5617Kb free=240142Kb
 bounds [0x0000000002390000, 0x0000000002920000, 0x0000000011390000]
 total_blobs=1902 nmethods=1623 adapters=191
 compilation: disabled (not enough contiguous free space left)

Compilation events (10 events):
Event: 0.641 Thread 0x0000000016eb1800  999       3       com.android.dx.util.IntList::shrink (42 bytes)
Event: 0.641 Thread 0x0000000016eb1800 nmethod 999 0x0000000002776510 code [0x00000000027766c0, 0x0000000002776be8]
Event: 0.641 Thread 0x0000000016eb1800 1001       3       com.android.dx.dex.file.IndexedItem::<init> (10 bytes)
Event: 0.641 Thread 0x0000000016eb1800 nmethod 1001 0x0000000002776dd0 code [0x0000000002776f40, 0x0000000002777150]
Event: 0.641 Thread 0x0000000016eb1800 1000       3       com.android.dx.rop.code.BasicBlockList::getRegCount (34 bytes)
Event: 0.641 Thread 0x0000000016eb1800 nmethod 1000 0x0000000002777250 code [0x00000000027773c0, 0x0000000002777768]
Event: 0.641 Thread 0x0000000016eb1800 1045       1       com.android.dx.rop.code.SourcePosition::getLine (5 bytes)
Event: 0.641 Thread 0x0000000016eb1800 nmethod 1045 0x000000000276a290 code [0x000000000276a3e0, 0x000000000276a4f0]
Event: 0.646 Thread 0x0000000016eb5000 nmethod 1028 0x000000000277af10 code [0x000000000277b0c0, 0x000000000277bb38]
Event: 0.646 Thread 0x0000000016eb5000 1057       4       com.android.dx.ssa.SsaRenamer$BlockRenamer::addMapping (143 bytes)

GC Heap History (0 events):
No events

Deoptimization events (4 events):
Event: 0.501 Thread 0x00000000170a5000 Uncommon trap: reason=null_check action=make_not_entrant pc=0x00000000026207a4 method=com.android.dx.rop.type.Type.equals(Ljava/lang/Object;)Z @ 8
Event: 0.574 Thread 0x00000000170a6000 Uncommon trap: reason=unstable_if action=reinterpret pc=0x0000000002627b7c method=com.android.dx.ssa.SsaRenamer$BlockRenamer.addMapping(ILcom/android/dx/rop/code/RegisterSpec;)V @ 120
Event: 0.634 Thread 0x000000001709f000 Uncommon trap: reason=bimorphic action=maybe_recompile pc=0x00000000025d0164 method=java.util.HashMap.getNode(ILjava/lang/Object;)Ljava/util/HashMap$Node; @ 126
Event: 0.634 Thread 0x000000001709f000 Uncommon trap: reason=class_check action=maybe_recompile pc=0x00000000026d3e08 method=java.util.HashMap.putVal(ILjava/lang/Object;Ljava/lang/Object;ZZ)Ljava/lang/Object; @ 203

Internal exceptions (3 events):
Event: 0.025 Thread 0x0000000002292800 Exception <a 'java/lang/NoSuchMethodError': Method sun.misc.Unsafe.defineClass(Ljava/lang/String;[BII)Ljava/lang/Class; name or signature does not match> (0x00000000eab0e360) thrown at [C:\re\workspace\8-2-build-windows-amd64-cygwin\jdk8u45\3627\hotspot\sr0R·#e™?
Event: 0.025 Thread 0x0000000002292800 Exception <a 'java/lang/NoSuchMethodError': Method sun.misc.Unsafe.prefetchRead(Ljava/lang/Object;J)V name or signature does not match> (0x00000000eab0e5f0) thrown at [C:\re\workspace\8-2-build-windows-amd64-cygwin\jdk8u45\3627\hotspot\src\share\vm\prims\jÚóšp&à?
Event: 0.501 Thread 0x00000000170a5000 Implicit null exception at 0x00000000026206a2 to 0x0000000002620795

Events (10 events):
Event: 0.582 loading class java/util/HashMap$KeySet
Event: 0.583 loading class java/util/HashMap$KeySet done
Event: 0.583 loading class java/util/HashMap$KeyIterator
Event: 0.583 loading class java/util/HashMap$KeyIterator done
Event: 0.634 Thread 0x000000001709f000 Uncommon trap: trap_request=0xffffffc6 fr.pc=0x00000000025d0164
Event: 0.634 Thread 0x000000001709f000 DEOPT PACKING pc=0x00000000025d0164 sp=0x0000000017b7e9f0
Event: 0.634 Thread 0x000000001709f000 DEOPT UNPACKING pc=0x00000000023d582a sp=0x0000000017b7e918 mode 2
Event: 0.634 Thread 0x000000001709f000 Uncommon trap: trap_request=0xffffffde fr.pc=0x00000000026d3e08
Event: 0.634 Thread 0x000000001709f000 DEOPT PACKING pc=0x00000000026d3e08 sp=0x0000000017b7e940
Event: 0.634 Thread 0x000000001709f000 DEOPT UNPACKING pc=0x00000000023d582a sp=0x0000000017b7e8b8 mode 2


Dynamic libraries:
0x00007ff6cb940000 - 0x00007ff6cb977000 	C:\Program Files\Java\jdk1.8.0_45\bin\java.exe
0x00007ffa505c0000 - 0x00007ffa50781000 	C:\WINDOWS\SYSTEM32\ntdll.dll
0x00007ffa4ef00000 - 0x00007ffa4efad000 	C:\WINDOWS\system32\KERNEL32.DLL
0x00007ffa4ce40000 - 0x00007ffa4d028000 	C:\WINDOWS\system32\KERNELBASE.dll
0x00007ffa4e860000 - 0x00007ffa4e907000 	C:\WINDOWS\system32\ADVAPI32.dll
0x00007ffa4ee60000 - 0x00007ffa4eefd000 	C:\WINDOWS\system32\msvcrt.dll
0x00007ffa4e7f0000 - 0x00007ffa4e84b000 	C:\WINDOWS\system32\sechost.dll
0x00007ffa4e910000 - 0x00007ffa4ea2c000 	C:\WINDOWS\system32\RPCRT4.dll
0x00007ffa4d9d0000 - 0x00007ffa4db26000 	C:\WINDOWS\system32\USER32.dll
0x00007ffa4dce0000 - 0x00007ffa4de66000 	C:\WINDOWS\system32\GDI32.dll
0x00007ffa462a0000 - 0x00007ffa46514000 	C:\WINDOWS\WinSxS\amd64_microsoft.windows.common-controls_6595b64144ccf1df_6.0.10586.0_none_8c15ae12515e1c22\COMCTL32.dll
0x00007ffa4eae0000 - 0x00007ffa4ed5d000 	C:\WINDOWS\system32\combase.dll
0x00007ffa4d950000 - 0x00007ffa4d9ba000 	C:\WINDOWS\system32\bcryptPrimitives.dll
0x00007ffa50510000 - 0x00007ffa5054b000 	C:\WINDOWS\system32\IMM32.DLL
0x0000000064f00000 - 0x0000000064fd2000 	C:\Program Files\Java\jdk1.8.0_45\jre\bin\msvcr100.dll
0x0000000065ad0000 - 0x0000000066353000 	C:\Program Files\Java\jdk1.8.0_45\jre\bin\server\jvm.dll
0x00007ffa4ee50000 - 0x00007ffa4ee58000 	C:\WINDOWS\system32\PSAPI.DLL
0x00007ffa3e540000 - 0x00007ffa3e549000 	C:\WINDOWS\SYSTEM32\WSOCK32.dll
0x00007ffa470a0000 - 0x00007ffa470aa000 	C:\WINDOWS\SYSTEM32\VERSION.dll
0x00007ffa4ac40000 - 0x00007ffa4ac63000 	C:\WINDOWS\SYSTEM32\WINMM.dll
0x00007ffa4e620000 - 0x00007ffa4e68b000 	C:\WINDOWS\system32\WS2_32.dll
0x0000000002130000 - 0x000000000215c000 	C:\WINDOWS\SYSTEM32\WINMMBASE.dll
0x00007ffa4d030000 - 0x00007ffa4d073000 	C:\WINDOWS\system32\cfgmgr32.dll
0x0000000065ac0000 - 0x0000000065acf000 	C:\Program Files\Java\jdk1.8.0_45\jre\bin\verify.dll
0x0000000065a90000 - 0x0000000065ab9000 	C:\Program Files\Java\jdk1.8.0_45\jre\bin\java.dll
0x0000000065a70000 - 0x0000000065a86000 	C:\Program Files\Java\jdk1.8.0_45\jre\bin\zip.dll
0x00007ffa4efb0000 - 0x00007ffa5050c000 	C:\WINDOWS\system32\SHELL32.dll
0x00007ffa4d0a0000 - 0x00007ffa4d6e5000 	C:\WINDOWS\system32\windows.storage.dll
0x00007ffa4e5c0000 - 0x00007ffa4e612000 	C:\WINDOWS\system32\shlwapi.dll
0x00007ffa4cc60000 - 0x00007ffa4cc6f000 	C:\WINDOWS\system32\kernel.appcore.dll
0x00007ffa4d780000 - 0x00007ffa4d835000 	C:\WINDOWS\system32\shcore.dll
0x00007ffa4cc10000 - 0x00007ffa4cc5b000 	C:\WINDOWS\system32\powrprof.dll
0x00007ffa4cbe0000 - 0x00007ffa4cbf4000 	C:\WINDOWS\system32\profapi.dll
0x00007ffa24ae0000 - 0x00007ffa24c6c000 	C:\WINDOWS\SYSTEM32\dbghelp.dll

VM Arguments:
jvm_args: -Djava.awt.headless=true -Xmx1024M -Dfile.encoding=windows-1252 -Duser.country=US -Duser.language=en -Duser.variant 
java_command: com.android.dx.command.Main --dex --force-jumbo --num-threads=4 --output E:\DevLife\MemoryLayersProject\Android\code\codev2\MemoryLayers\app\build\intermediates\pre-dexed\debug\instant-run_5070ec85b40dbc8480ca4d9838000ba713599cf3.jar E:\DevLife\MemoryLayersProject\Android\code\codev2\MemoryLayers\app\build\intermediates\incremental-runtime-classes\debug\instant-run.jar
java_class_path (initial): C:\Users\ahmed.marzouk\AppData\Local\Android\sdk\build-tools\23.0.3\lib\dx.jar
Launcher Type: SUN_STANDARD

Environment Variables:
JAVA_HOME=C:\PROGRA~1\Java\JDK18~1.0_4
USERNAME=ahmed.marzouk
OS=Windows_NT
PROCESSOR_IDENTIFIER=Intel64 Family 6 Model 60 Stepping 3, GenuineIntel



---------------  S Y S T E M  ---------------

OS: Windows 10.0 , 64 bit Build 10586 (10.0.10586.0)

CPU:total 8 (4 cores per cpu, 2 threads per core) family 6 model 60 stepping 3, cmov, cx8, fxsr, mmx, sse, sse2, sse3, ssse3, sse4.1, sse4.2, popcnt, avx, avx2, aes, clmul, erms, lzcnt, ht, tsc, tscinvbit, bmi1, bmi2

Memory: 4k page, physical 8298776k(1079960k free), swap 12994840k(236924k free)

vm_info: Java HotSpot(TM) 64-Bit Server VM (25.45-b02) for windows-amd64 JRE (1.8.0_45-b15), built on Apr 30 2015 12:40:44 by "java_re" with MS VC++ 10.0 (VS2010)

time: Sat Apr 16 06:45:28 2016
elapsed time: 1 seconds (0d 0h 0m 1s)

