#
# There is insufficient memory for the Java Runtime Environment to continue.
# Native memory allocation (malloc) failed to allocate 821376 bytes for Chunk::new
# Possible reasons:
#   The system is out of physical RAM or swap space
#   In 32 bit mode, the process size limit was hit
# Possible solutions:
#   Reduce memory load on the system
#   Increase physical memory or swap space
#   Check if swap backing store is full
#   Use 64 bit Java on a 64 bit OS
#   Decrease Java heap size (-Xmx/-Xms)
#   Decrease number of Java threads
#   Decrease Java thread stack sizes (-Xss)
#   Set larger code cache with -XX:ReservedCodeCacheSize=
# This output file may be truncated or incomplete.
#
#  Out of Memory Error (allocation.cpp:390), pid=43696, tid=33232
#
# JRE version: Java(TM) SE Runtime Environment (8.0_45-b15) (build 1.8.0_45-b15)
# Java VM: Java HotSpot(TM) 64-Bit Server VM (25.45-b02 mixed mode windows-amd64 compressed oops)
# Failed to write core dump. Minidumps are not enabled by default on client versions of Windows
#

---------------  T H R E A D  ---------------

Current thread (0x0000000016e32000):  JavaThread "C2 CompilerThread2" daemon [_thread_in_native, id=33232, stack(0x0000000017600000,0x0000000017700000)]

Stack: [0x0000000017600000,0x0000000017700000]
Native frames: (J=compiled Java code, j=interpreted, Vv=VM code, C=native code)
V  [jvm.dll+0x32b57a]
V  [jvm.dll+0x279873]
V  [jvm.dll+0x27a509]
V  [jvm.dll+0x271825]
V  [jvm.dll+0xcb9e2]
V  [jvm.dll+0xcbeac]
V  [jvm.dll+0x476ef2]
V  [jvm.dll+0x4b955f]
V  [jvm.dll+0x46bc14]
V  [jvm.dll+0x46ccbe]
V  [jvm.dll+0x4500f2]
V  [jvm.dll+0xa4352]
V  [jvm.dll+0xa4c8f]
V  [jvm.dll+0x241984]
V  [jvm.dll+0x29853a]
C  [msvcr100.dll+0x21d9f]
C  [msvcr100.dll+0x21e3b]
C  [KERNEL32.DLL+0x18102]
C  [ntdll.dll+0x5c5b4]


Current CompileTask:
C2:   9258 1341       4       com.android.dx.ssa.LocalVariableExtractor::processBlock (383 bytes)


---------------  P R O C E S S  ---------------

Java Threads: ( => current thread )
  0x0000000017a4e000 JavaThread "pool-1-thread-1" [_thread_new, id=22952, stack(0x0000000000000000,0x0000000000000000)]
  0x0000000016e3d800 JavaThread "Service Thread" daemon [_thread_blocked, id=26208, stack(0x0000000017800000,0x0000000017900000)]
  0x0000000016e37000 JavaThread "C1 CompilerThread3" daemon [_thread_blocked, id=31256, stack(0x0000000017700000,0x0000000017800000)]
=>0x0000000016e32000 JavaThread "C2 CompilerThread2" daemon [_thread_in_native, id=33232, stack(0x0000000017600000,0x0000000017700000)]
  0x0000000016e30000 JavaThread "C2 CompilerThread1" daemon [_thread_in_native, id=32884, stack(0x0000000017500000,0x0000000017600000)]
  0x0000000016e29800 JavaThread "C2 CompilerThread0" daemon [_thread_in_native, id=21560, stack(0x0000000017400000,0x0000000017500000)]
  0x0000000016e28000 JavaThread "Attach Listener" daemon [_thread_blocked, id=25244, stack(0x0000000017300000,0x0000000017400000)]
  0x0000000016e26800 JavaThread "Signal Dispatcher" daemon [_thread_blocked, id=34536, stack(0x0000000017200000,0x0000000017300000)]
  0x00000000022f5000 JavaThread "Finalizer" daemon [_thread_blocked, id=40212, stack(0x0000000016d00000,0x0000000016e00000)]
  0x00000000022f4000 JavaThread "Reference Handler" daemon [_thread_blocked, id=34764, stack(0x0000000016c00000,0x0000000016d00000)]
  0x0000000002202800 JavaThread "main" [_thread_blocked, id=41560, stack(0x0000000002000000,0x0000000002100000)]

Other Threads:
  0x0000000014e19000 VMThread [stack: 0x0000000016b00000,0x0000000016c00000] [id=42152]
  0x0000000016e3e800 WatcherThread [stack: 0x0000000017900000,0x0000000017a00000] [id=22704]

VM state:not at safepoint (normal execution)

VM Mutex/Monitor currently owned by a thread: None

Heap:
 PSYoungGen      total 152064K, used 101195K [0x00000000eab00000, 0x00000000fb380000, 0x0000000100000000)
  eden space 127488K, 60% used [0x00000000eab00000,0x00000000ef5d64c8,0x00000000f2780000)
  from space 24576K, 99% used [0x00000000f2780000,0x00000000f3f7cae8,0x00000000f3f80000)
  to   space 33280K, 0% used [0x00000000f9300000,0x00000000f9300000,0x00000000fb380000)
 ParOldGen       total 87552K, used 44932K [0x00000000c0000000, 0x00000000c5580000, 0x00000000eab00000)
  object space 87552K, 51% used [0x00000000c0000000,0x00000000c2be1018,0x00000000c5580000)
 Metaspace       used 6478K, capacity 7256K, committed 7424K, reserved 1056768K
  class space    used 617K, capacity 656K, committed 768K, reserved 1048576K

Card table byte_map: [0x00000000116c0000,0x00000000118d0000] byte_map_base: 0x00000000110c0000

Marking Bits: (ParMarkBitMap*) 0x00000000662d4040
 Begin Bits: [0x0000000012230000, 0x0000000013230000)
 End Bits:   [0x0000000013230000, 0x0000000014230000)

Polling page: 0x00000000004f0000

CodeCache: size=245760Kb used=7272Kb max_used=7272Kb free=238487Kb
 bounds [0x0000000002300000, 0x0000000002a20000, 0x0000000011300000]
 total_blobs=2234 nmethods=1964 adapters=182
 compilation: enabled

Compilation events (10 events):
Event: 7.374 Thread 0x0000000016e37000 nmethod 1408 0x0000000002858890 code [0x0000000002858a40, 0x0000000002859178]
Event: 7.379 Thread 0x0000000016e29800 nmethod 1406 0x000000000285ead0 code [0x000000000285ec40, 0x000000000285f298]
Event: 7.379 Thread 0x0000000016e29800 1343       4       com.android.dx.rop.code.PlainInsn::withNewRegisters (18 bytes)
Event: 7.381 Thread 0x0000000016e29800 nmethod 1343 0x0000000002858390 code [0x00000000028584e0, 0x0000000002858698]
Event: 7.381 Thread 0x0000000016e29800 1365       4       com.android.dx.rop.code.InsnList::<init> (6 bytes)
Event: 7.383 Thread 0x0000000016e29800 nmethod 1365 0x000000000285ba10 code [0x000000000285bb60, 0x000000000285bc98]
Event: 7.383 Thread 0x0000000016e29800 1368       4       com.android.dx.rop.code.RegisterSpec::make (7 bytes)
Event: 7.384 Thread 0x0000000016e29800 nmethod 1368 0x00000000028580d0 code [0x0000000002858220, 0x0000000002858288]
Event: 7.384 Thread 0x0000000016e29800 1344       4       com.android.dx.rop.cst.CstString::compareTo0 (15 bytes)
Event: 7.386 Thread 0x0000000016e29800 nmethod 1344 0x000000000285ca10 code [0x000000000285cb60, 0x000000000285cd38]

GC Heap History (2 events):
Event: 6.812 GC heap before
{Heap before GC invocations=1 (full 0):
 PSYoungGen      total 38400K, used 33280K [0x00000000eab00000, 0x00000000ed580000, 0x0000000100000000)
  eden space 33280K, 100% used [0x00000000eab00000,0x00000000ecb80000,0x00000000ecb80000)
  from space 5120K, 0% used [0x00000000ed080000,0x00000000ed080000,0x00000000ed580000)
  to   space 5120K, 0% used [0x00000000ecb80000,0x00000000ecb80000,0x00000000ed080000)
 ParOldGen       total 87552K, used 0K [0x00000000c0000000, 0x00000000c5580000, 0x00000000eab00000)
  object space 87552K, 0% used [0x00000000c0000000,0x00000000c0000000,0x00000000c5580000)
 Metaspace       used 5899K, capacity 6832K, committed 7040K, reserved 1056768K
  class space    used 591K, capacity 616K, committed 640K, reserved 1048576K
Event: 7.045 GC heap after
Heap after GC invocations=1 (full 0):
 PSYoungGen      total 38400K, used 5095K [0x00000000eab00000, 0x00000000ed580000, 0x0000000100000000)
  eden space 33280K, 0% used [0x00000000eab00000,0x00000000eab00000,0x00000000ecb80000)
  from space 5120K, 99% used [0x00000000ecb80000,0x00000000ed079fe8,0x00000000ed080000)
  to   space 5120K, 0% used [0x00000000ed080000,0x00000000ed080000,0x00000000ed580000)
 ParOldGen       total 87552K, used 61K [0x00000000c0000000, 0x00000000c5580000, 0x00000000eab00000)
  object space 87552K, 0% used [0x00000000c0000000,0x00000000c000f670,0x00000000c5580000)
 Metaspace       used 5899K, capacity 6832K, committed 7040K, reserved 1056768K
  class space    used 591K, capacity 616K, committed 640K, reserved 1048576K
}

Deoptimization events (10 events):
Event: 5.357 Thread 0x0000000017a2e800 Uncommon trap: reason=unstable_if action=reinterpret pc=0x0000000002477f58 method=java.lang.String.indexOf(II)I @ 49
Event: 6.135 Thread 0x0000000017a2e800 Uncommon trap: reason=unstable_if action=reinterpret pc=0x0000000002550080 method=java.util.HashMap.getNode(ILjava/lang/Object;)Ljava/util/HashMap$Node; @ 62
Event: 6.621 Thread 0x0000000017a2e800 Uncommon trap: reason=unstable_if action=reinterpret pc=0x0000000002557c70 method=java.util.BitSet.nextSetBit(I)I @ 87
Event: 6.623 Thread 0x0000000017a2e800 Uncommon trap: reason=unstable_if action=reinterpret pc=0x00000000025a7f14 method=java.util.HashMap.getNode(ILjava/lang/Object;)Ljava/util/HashMap$Node; @ 129
Event: 7.329 Thread 0x00000000171a3800 Uncommon trap: reason=unstable_if action=reinterpret pc=0x000000000273ecb8 method=com.android.dx.cf.code.Ropper.labelToResultIndex(I)I @ 34
Event: 7.329 Thread 0x00000000171a3800 Uncommon trap: reason=class_check action=maybe_recompile pc=0x000000000268209c method=com.android.dx.rop.type.Type.equals(Ljava/lang/Object;)Z @ 8
Event: 7.329 Thread 0x00000000171a3800 Uncommon trap: reason=class_check action=maybe_recompile pc=0x000000000268209c method=com.android.dx.rop.type.Type.equals(Ljava/lang/Object;)Z @ 8
Event: 7.329 Thread 0x00000000171a3800 Uncommon trap: reason=class_check action=maybe_recompile pc=0x000000000268209c method=com.android.dx.rop.type.Type.equals(Ljava/lang/Object;)Z @ 8
Event: 7.331 Thread 0x00000000171a3800 Uncommon trap: reason=class_check action=maybe_recompile pc=0x000000000268209c method=com.android.dx.rop.type.Type.equals(Ljava/lang/Object;)Z @ 8
Event: 7.373 Thread 0x00000000171aa800 Uncommon trap: reason=unstable_if action=reinterpret pc=0x000000000279165c method=com.android.dx.rop.cst.Constant.compareTo(Lcom/android/dx/rop/cst/Constant;)I @ 12

Internal exceptions (2 events):
Event: 3.724 Thread 0x0000000002202800 Exception <a 'java/lang/NoSuchMethodError': Method sun.misc.Unsafe.defineClass(Ljava/lang/String;[BII)Ljava/lang/Class; name or signature does not match> (0x00000000eab0e5e0) thrown at [C:\re\workspace\8-2-build-windows-amd64-cygwin\jdk8u45\3627\hotspot\sru@¤ Ë@
Event: 3.724 Thread 0x0000000002202800 Exception <a 'java/lang/NoSuchMethodError': Method sun.misc.Unsafe.prefetchRead(Ljava/lang/Object;J)V name or signature does not match> (0x00000000eab0e870) thrown at [C:\re\workspace\8-2-build-windows-amd64-cygwin\jdk8u45\3627\hotspot\src\share\vm\prims\j

Events (10 events):
Event: 7.329 Thread 0x00000000171a3800 DEOPT UNPACKING pc=0x000000000234582a sp=0x00000000184fe5f8 mode 2
Event: 7.329 Thread 0x00000000171a3800 Uncommon trap: trap_request=0xffffffde fr.pc=0x000000000268209c
Event: 7.329 Thread 0x00000000171a3800 DEOPT PACKING pc=0x000000000268209c sp=0x00000000184fe6c0
Event: 7.329 Thread 0x00000000171a3800 DEOPT UNPACKING pc=0x000000000234582a sp=0x00000000184fe5f8 mode 2
Event: 7.331 Thread 0x00000000171a3800 Uncommon trap: trap_request=0xffffffde fr.pc=0x000000000268209c
Event: 7.331 Thread 0x00000000171a3800 DEOPT PACKING pc=0x000000000268209c sp=0x00000000184fe1b0
Event: 7.331 Thread 0x00000000171a3800 DEOPT UNPACKING pc=0x000000000234582a sp=0x00000000184fe0e8 mode 2
Event: 7.372 Thread 0x00000000171aa800 Uncommon trap: trap_request=0xffffff65 fr.pc=0x000000000279165c
Event: 7.373 Thread 0x00000000171aa800 DEOPT PACKING pc=0x000000000279165c sp=0x00000000185fe630
Event: 7.373 Thread 0x00000000171aa800 DEOPT UNPACKING pc=0x000000000234582a sp=0x00000000185fe5d0 mode 2


Dynamic libraries:
0x00007ff6cb940000 - 0x00007ff6cb977000 	C:\Program Files\Java\jdk1.8.0_45\bin\java.exe
0x00007ffa505c0000 - 0x00007ffa50781000 	C:\WINDOWS\SYSTEM32\ntdll.dll
0x00007ffa4ef00000 - 0x00007ffa4efad000 	C:\WINDOWS\system32\KERNEL32.DLL
0x00007ffa4ce40000 - 0x00007ffa4d028000 	C:\WINDOWS\system32\KERNELBASE.dll
0x00007ffa4e860000 - 0x00007ffa4e907000 	C:\WINDOWS\system32\ADVAPI32.dll
0x00007ffa4ee60000 - 0x00007ffa4eefd000 	C:\WINDOWS\system32\msvcrt.dll
0x00007ffa4e7f0000 - 0x00007ffa4e84b000 	C:\WINDOWS\system32\sechost.dll
0x00007ffa4e910000 - 0x00007ffa4ea2c000 	C:\WINDOWS\system32\RPCRT4.dll
0x00007ffa4d9d0000 - 0x00007ffa4db26000 	C:\WINDOWS\system32\USER32.dll
0x00007ffa4dce0000 - 0x00007ffa4de66000 	C:\WINDOWS\system32\GDI32.dll
0x00007ffa462a0000 - 0x00007ffa46514000 	C:\WINDOWS\WinSxS\amd64_microsoft.windows.common-controls_6595b64144ccf1df_6.0.10586.0_none_8c15ae12515e1c22\COMCTL32.dll
0x00007ffa4eae0000 - 0x00007ffa4ed5d000 	C:\WINDOWS\system32\combase.dll
0x00007ffa4d950000 - 0x00007ffa4d9ba000 	C:\WINDOWS\system32\bcryptPrimitives.dll
0x00007ffa50510000 - 0x00007ffa5054b000 	C:\WINDOWS\system32\IMM32.DLL
0x0000000064f30000 - 0x0000000065002000 	C:\Program Files\Java\jdk1.8.0_45\jre\bin\msvcr100.dll
0x0000000065ad0000 - 0x0000000066353000 	C:\Program Files\Java\jdk1.8.0_45\jre\bin\server\jvm.dll
0x00007ffa4ee50000 - 0x00007ffa4ee58000 	C:\WINDOWS\system32\PSAPI.DLL
0x00007ffa3e540000 - 0x00007ffa3e549000 	C:\WINDOWS\SYSTEM32\WSOCK32.dll
0x00007ffa4e620000 - 0x00007ffa4e68b000 	C:\WINDOWS\system32\WS2_32.dll
0x00007ffa4ac40000 - 0x00007ffa4ac63000 	C:\WINDOWS\SYSTEM32\WINMM.dll
0x00007ffa470a0000 - 0x00007ffa470aa000 	C:\WINDOWS\SYSTEM32\VERSION.dll
0x00007ffa4abe0000 - 0x00007ffa4ac0c000 	C:\WINDOWS\SYSTEM32\WINMMBASE.dll
0x00007ffa4d030000 - 0x00007ffa4d073000 	C:\WINDOWS\system32\cfgmgr32.dll
0x0000000065ac0000 - 0x0000000065acf000 	C:\Program Files\Java\jdk1.8.0_45\jre\bin\verify.dll
0x0000000065a90000 - 0x0000000065ab9000 	C:\Program Files\Java\jdk1.8.0_45\jre\bin\java.dll
0x0000000065a70000 - 0x0000000065a86000 	C:\Program Files\Java\jdk1.8.0_45\jre\bin\zip.dll
0x00007ffa4efb0000 - 0x00007ffa5050c000 	C:\WINDOWS\system32\SHELL32.dll
0x00007ffa4d0a0000 - 0x00007ffa4d6e5000 	C:\WINDOWS\system32\windows.storage.dll
0x00007ffa4e5c0000 - 0x00007ffa4e612000 	C:\WINDOWS\system32\shlwapi.dll
0x00007ffa4cc60000 - 0x00007ffa4cc6f000 	C:\WINDOWS\system32\kernel.appcore.dll
0x00007ffa4d780000 - 0x00007ffa4d835000 	C:\WINDOWS\system32\shcore.dll
0x00007ffa4cc10000 - 0x00007ffa4cc5b000 	C:\WINDOWS\system32\powrprof.dll
0x00007ffa4cbe0000 - 0x00007ffa4cbf4000 	C:\WINDOWS\system32\profapi.dll
0x00007ffa24ae0000 - 0x00007ffa24c6c000 	C:\WINDOWS\SYSTEM32\dbghelp.dll

VM Arguments:
jvm_args: -Djava.awt.headless=true -Xmx1024M -Dfile.encoding=windows-1252 -Duser.country=US -Duser.language=en -Duser.variant 
java_command: com.android.dx.command.Main --dex --force-jumbo --num-threads=4 --multi-dex --output E:\DevLife\MemoryLayersProject\Android\code\codev2\MemoryLayers\app\build\intermediates\transforms\dex\debug\folders\1000\10\com.android.support-support-v4-23.3.0_1221f51ced650ba82fe695db104af33beb096f22 E:\DevLife\MemoryLayersProject\Android\code\codev2\MemoryLayers\app\build\intermediates\exploded-aar\com.android.support\support-v4\23.3.0\jars\classes.jar
java_class_path (initial): C:\Users\ahmed.marzouk\AppData\Local\Android\sdk\build-tools\23.0.3\lib\dx.jar
Launcher Type: SUN_STANDARD

Environment Variables:
JAVA_HOME=C:\PROGRA~1\Java\JDK18~1.0_4
USERNAME=ahmed.marzouk
OS=Windows_NT
PROCESSOR_IDENTIFIER=Intel64 Family 6 Model 60 Stepping 3, GenuineIntel



---------------  S Y S T E M  ---------------

OS: Windows 10.0 , 64 bit Build 10586 (10.0.10586.0)

CPU:total 8 (4 cores per cpu, 2 threads per core) family 6 model 60 stepping 3, cmov, cx8, fxsr, mmx, sse, sse2, sse3, ssse3, sse4.1, sse4.2, popcnt, avx, avx2, aes, clmul, erms, lzcnt, ht, tsc, tscinvbit, bmi1, bmi2

Memory: 4k page, physical 8298776k(892892k free), swap 12994840k(420876k free)

vm_info: Java HotSpot(TM) 64-Bit Server VM (25.45-b02) for windows-amd64 JRE (1.8.0_45-b15), built on Apr 30 2015 12:40:44 by "java_re" with MS VC++ 10.0 (VS2010)

time: Sat Apr 16 14:22:35 2016
elapsed time: 9 seconds (0d 0h 0m 9s)

