#
# There is insufficient memory for the Java Runtime Environment to continue.
# Native memory allocation (malloc) failed to allocate 1030976 bytes for Chunk::new
# Possible reasons:
#   The system is out of physical RAM or swap space
#   In 32 bit mode, the process size limit was hit
# Possible solutions:
#   Reduce memory load on the system
#   Increase physical memory or swap space
#   Check if swap backing store is full
#   Use 64 bit Java on a 64 bit OS
#   Decrease Java heap size (-Xmx/-Xms)
#   Decrease number of Java threads
#   Decrease Java thread stack sizes (-Xss)
#   Set larger code cache with -XX:ReservedCodeCacheSize=
# This output file may be truncated or incomplete.
#
#  Out of Memory Error (allocation.cpp:390), pid=37344, tid=732
#
# JRE version: Java(TM) SE Runtime Environment (8.0_45-b15) (build 1.8.0_45-b15)
# Java VM: Java HotSpot(TM) 64-Bit Server VM (25.45-b02 mixed mode windows-amd64 compressed oops)
# Failed to write core dump. Minidumps are not enabled by default on client versions of Windows
#

---------------  T H R E A D  ---------------

Current thread (0x0000000016ec3800):  JavaThread "C2 CompilerThread2" daemon [_thread_in_native, id=732, stack(0x0000000017640000,0x0000000017740000)]

Stack: [0x0000000017640000,0x0000000017740000]
Native frames: (J=compiled Java code, j=interpreted, Vv=VM code, C=native code)
V  [jvm.dll+0x32b57a]


Current CompileTask:
C2:   3886 1224       4       com.android.dx.ssa.SCCP::simulateBranch (666 bytes)


---------------  P R O C E S S  ---------------

Java Threads: ( => current thread )
  0x0000000017183000 JavaThread "pool-2-thread-4" [_thread_blocked, id=11464, stack(0x0000000018640000,0x0000000018740000)]
  0x0000000017181800 JavaThread "pool-2-thread-3" [_thread_in_Java, id=38276, stack(0x0000000018540000,0x0000000018640000)]
  0x000000001717f000 JavaThread "pool-2-thread-2" [_thread_blocked, id=33680, stack(0x0000000018440000,0x0000000018540000)]
  0x0000000017a58000 JavaThread "pool-3-thread-1" [_thread_blocked, id=9596, stack(0x0000000018340000,0x0000000018440000)]
  0x0000000017a57800 JavaThread "pool-2-thread-1" [_thread_in_vm, id=11332, stack(0x0000000018240000,0x0000000018340000)]
  0x0000000016f06800 JavaThread "Service Thread" daemon [_thread_blocked, id=38796, stack(0x0000000017840000,0x0000000017940000)]
  0x0000000016ec6800 JavaThread "C1 CompilerThread3" daemon [_thread_in_vm, id=21604, stack(0x0000000017740000,0x0000000017840000)]
=>0x0000000016ec3800 JavaThread "C2 CompilerThread2" daemon [_thread_in_native, id=732, stack(0x0000000017640000,0x0000000017740000)]
  0x0000000016ec2000 JavaThread "C2 CompilerThread1" daemon [_thread_in_native, id=35148, stack(0x0000000017540000,0x0000000017640000)]
  0x0000000016e6a800 JavaThread "C2 CompilerThread0" daemon [_thread_in_native, id=38972, stack(0x0000000017440000,0x0000000017540000)]
  0x0000000016e69000 JavaThread "Attach Listener" daemon [_thread_blocked, id=38412, stack(0x0000000017340000,0x0000000017440000)]
  0x0000000016e68000 JavaThread "Signal Dispatcher" daemon [_thread_blocked, id=31112, stack(0x0000000017240000,0x0000000017340000)]
  0x000000000233c800 JavaThread "Finalizer" daemon [_thread_blocked, id=36088, stack(0x0000000016d40000,0x0000000016e40000)]
  0x0000000002336000 JavaThread "Reference Handler" daemon [_thread_blocked, id=39216, stack(0x0000000016c40000,0x0000000016d40000)]
  0x0000000002242800 JavaThread "main" [_thread_blocked, id=12208, stack(0x0000000002140000,0x0000000002240000)]

Other Threads:
  0x0000000014e59000 VMThread [stack: 0x0000000016b40000,0x0000000016c40000] [id=39404]
  0x0000000016f07800 WatcherThread [stack: 0x0000000017940000,0x0000000017a40000] [id=36928]

VM state:not at safepoint (normal execution)

VM Mutex/Monitor currently owned by a thread: None

Heap:
 PSYoungGen      total 38400K, used 5890K [0x00000000eab00000, 0x00000000ed580000, 0x0000000100000000)
  eden space 33280K, 2% used [0x00000000eab00000,0x00000000eabc60c8,0x00000000ecb80000)
  from space 5120K, 99% used [0x00000000ecb80000,0x00000000ed07aab8,0x00000000ed080000)
  to   space 5120K, 0% used [0x00000000ed080000,0x00000000ed080000,0x00000000ed580000)
 ParOldGen       total 87552K, used 1548K [0x00000000c0000000, 0x00000000c5580000, 0x00000000eab00000)
  object space 87552K, 1% used [0x00000000c0000000,0x00000000c0183238,0x00000000c5580000)
 Metaspace       used 5991K, capacity 6872K, committed 7168K, reserved 1056768K
  class space    used 606K, capacity 656K, committed 768K, reserved 1048576K

Card table byte_map: [0x0000000011700000,0x0000000011910000] byte_map_base: 0x0000000011100000

Marking Bits: (ParMarkBitMap*) 0x00000000662d4040
 Begin Bits: [0x0000000012270000, 0x0000000013270000)
 End Bits:   [0x0000000013270000, 0x0000000014270000)

Polling page: 0x0000000000430000

CodeCache: size=245760Kb used=4988Kb max_used=4988Kb free=240771Kb
 bounds [0x0000000002340000, 0x0000000002830000, 0x0000000011340000]
 total_blobs=1531 nmethods=1261 adapters=182
 compilation: enabled

Compilation events (10 events):
Event: 3.211 Thread 0x0000000016ec2000 nmethod 1228 0x00000000026c4f90 code [0x00000000026c50c0, 0x00000000026c5118]
Event: 3.385 Thread 0x0000000016ec6800 1269   !   3       sun.reflect.generics.parser.SignatureParser::current (40 bytes)
Event: 3.385 Thread 0x0000000016ec6800 nmethod 1269 0x00000000028222d0 code [0x0000000002822440, 0x00000000028225f0]
Event: 3.386 Thread 0x0000000016ec6800 1270       3       com.android.dx.rop.cst.CstLong::getType (4 bytes)
Event: 3.386 Thread 0x0000000016ec6800 nmethod 1270 0x0000000002821f90 code [0x00000000028220e0, 0x0000000002822230]
Event: 3.387 Thread 0x0000000016ec2000 1271       4       java.util.HashMap::hash (20 bytes)
Event: 3.388 Thread 0x0000000016ec2000 nmethod 1271 0x0000000002814a90 code [0x0000000002814be0, 0x0000000002814c98]
Event: 3.388 Thread 0x0000000016ec6800 1272       3       java.util.HashMap::get (23 bytes)
Event: 3.389 Thread 0x0000000016ec6800 nmethod 1272 0x0000000002824010 code [0x00000000028241a0, 0x0000000002824598]
Event: 3.389 Thread 0x0000000016ec6800 1273   !   3       com.android.dx.rop.code.RegisterSpec::intern (70 bytes)

GC Heap History (2 events):
Event: 3.389 GC heap before
{Heap before GC invocations=1 (full 0):
 PSYoungGen      total 38400K, used 33280K [0x00000000eab00000, 0x00000000ed580000, 0x0000000100000000)
  eden space 33280K, 100% used [0x00000000eab00000,0x00000000ecb80000,0x00000000ecb80000)
  from space 5120K, 0% used [0x00000000ed080000,0x00000000ed080000,0x00000000ed580000)
  to   space 5120K, 0% used [0x00000000ecb80000,0x00000000ecb80000,0x00000000ed080000)
 ParOldGen       total 87552K, used 0K [0x00000000c0000000, 0x00000000c5580000, 0x00000000eab00000)
  object space 87552K, 0% used [0x00000000c0000000,0x00000000c0000000,0x00000000c5580000)
 Metaspace       used 5983K, capacity 6872K, committed 7168K, reserved 1056768K
  class space    used 606K, capacity 656K, committed 768K, reserved 1048576K
Event: 3.878 GC heap after
Heap after GC invocations=1 (full 0):
 PSYoungGen      total 38400K, used 5098K [0x00000000eab00000, 0x00000000ed580000, 0x0000000100000000)
  eden space 33280K, 0% used [0x00000000eab00000,0x00000000eab00000,0x00000000ecb80000)
  from space 5120K, 99% used [0x00000000ecb80000,0x00000000ed07aab8,0x00000000ed080000)
  to   space 5120K, 0% used [0x00000000ed080000,0x00000000ed080000,0x00000000ed580000)
 ParOldGen       total 87552K, used 1548K [0x00000000c0000000, 0x00000000c5580000, 0x00000000eab00000)
  object space 87552K, 1% used [0x00000000c0000000,0x00000000c0183238,0x00000000c5580000)
 Metaspace       used 5983K, capacity 6872K, committed 7168K, reserved 1056768K
  class space    used 606K, capacity 656K, committed 768K, reserved 1048576K
}

Deoptimization events (10 events):
Event: 2.276 Thread 0x0000000017181800 Uncommon trap: reason=unstable_if action=reinterpret pc=0x00000000026d49b4 method=com.android.dx.ssa.SsaRenamer$BlockRenamer.addMapping(ILcom/android/dx/rop/code/RegisterSpec;)V @ 120
Event: 2.651 Thread 0x000000001717f000 Uncommon trap: reason=unstable_if action=reinterpret pc=0x000000000263c238 method=com.android.dx.rop.code.RegisterSpec.equals(ILcom/android/dx/rop/type/TypeBearer;Lcom/android/dx/rop/code/LocalItem;)Z @ 42
Event: 2.678 Thread 0x000000001717f000 Uncommon trap: reason=null_check action=make_not_entrant pc=0x000000000268b2dc method=com.android.dx.ssa.SsaRenamer.getLocalForNewReg(I)Lcom/android/dx/rop/code/LocalItem; @ 19
Event: 3.108 Thread 0x0000000017183000 Uncommon trap: reason=unstable_if action=reinterpret pc=0x00000000027c722c method=com.android.dx.ssa.SCCP.simulateStmt(Lcom/android/dx/ssa/SsaInsn;)V @ 53
Event: 3.181 Thread 0x0000000002242800 Uncommon trap: reason=bimorphic action=maybe_recompile pc=0x00000000025a0aa8 method=java.util.HashMap.getNode(ILjava/lang/Object;)Ljava/util/HashMap$Node; @ 126
Event: 3.198 Thread 0x000000001717f000 Uncommon trap: reason=bimorphic action=maybe_recompile pc=0x00000000025a0aa8 method=java.util.HashMap.getNode(ILjava/lang/Object;)Ljava/util/HashMap$Node; @ 126
Event: 3.198 Thread 0x000000001717f000 Uncommon trap: reason=class_check action=maybe_recompile pc=0x00000000027364c4 method=java.util.HashMap.putVal(ILjava/lang/Object;Ljava/lang/Object;ZZ)Ljava/lang/Object; @ 203
Event: 3.202 Thread 0x0000000017181800 Uncommon trap: reason=unstable_if action=reinterpret pc=0x000000000267b914 method=java.util.HashMap.putVal(ILjava/lang/Object;Ljava/lang/Object;ZZ)Ljava/lang/Object; @ 162
Event: 3.204 Thread 0x0000000002242800 Uncommon trap: reason=class_check action=maybe_recompile pc=0x00000000027364c4 method=java.util.HashMap.putVal(ILjava/lang/Object;Ljava/lang/Object;ZZ)Ljava/lang/Object; @ 203
Event: 3.386 Thread 0x0000000017181800 Uncommon trap: reason=unstable_if action=reinterpret pc=0x00000000025a0a90 method=java.util.HashMap.getNode(ILjava/lang/Object;)Ljava/util/HashMap$Node; @ 84

Internal exceptions (7 events):
Event: 0.107 Thread 0x0000000002242800 Exception <a 'java/lang/NoSuchMethodError': Method sun.misc.Unsafe.defineClass(Ljava/lang/String;[BII)Ljava/lang/Class; name or signature does not match> (0x00000000eab0e428) thrown at [C:\re\workspace\8-2-build-windows-amd64-cygwin\jdk8u45\3627\hotspot\sræ†¹‚Íd»?
Event: 0.107 Thread 0x0000000002242800 Exception <a 'java/lang/NoSuchMethodError': Method sun.misc.Unsafe.prefetchRead(Ljava/lang/Object;J)V name or signature does not match> (0x00000000eab0e6b8) thrown at [C:\re\workspace\8-2-build-windows-amd64-cygwin\jdk8u45\3627\hotspot\src\share\vm\prims\j3ò5>è
Event: 2.113 Thread 0x0000000017a57800 Implicit null exception at 0x000000000263aee2 to 0x000000000263afd5
Event: 2.678 Thread 0x000000001717f000 Implicit null exception at 0x0000000002688cd0 to 0x000000000268b295
Event: 3.385 Thread 0x0000000017181800 Exception <a 'java/lang/ArrayIndexOutOfBoundsException': 18> (0x00000000ec9c22d8) thrown at [C:\re\workspace\8-2-build-windows-amd64-cygwin\jdk8u45\3627\hotspot\src\share\vm\interpreter\interpreterRuntime.cpp, line 366]
Event: 3.385 Thread 0x0000000017181800 Exception <a 'java/lang/ArrayIndexOutOfBoundsException': 145> (0x00000000ec9c3da8) thrown at [C:\re\workspace\8-2-build-windows-amd64-cygwin\jdk8u45\3627\hotspot\src\share\vm\interpreter\interpreterRuntime.cpp, line 366]
Event: 3.386 Thread 0x0000000017181800 Exception <a 'java/lang/ArrayIndexOutOfBoundsException'> (0x00000000ec9c4fe0) thrown at [C:\re\workspace\8-2-build-windows-amd64-cygwin\jdk8u45\3627\hotspot\src\share\vm\runtime\sharedRuntime.cpp, line 605]

Events (10 events):
Event: 3.386 loading class java/lang/reflect/TypeVariable done
Event: 3.386 loading class sun/reflect/generics/reflectiveObjects/TypeVariableImpl
Event: 3.386 loading class sun/reflect/generics/reflectiveObjects/LazyReflectiveObjectGenerator
Event: 3.386 loading class sun/reflect/generics/reflectiveObjects/LazyReflectiveObjectGenerator done
Event: 3.386 loading class sun/reflect/generics/reflectiveObjects/TypeVariableImpl done
Event: 3.386 Thread 0x0000000017181800 Uncommon trap: trap_request=0xffffff65 fr.pc=0x00000000025a0a90
Event: 3.386 Thread 0x0000000017181800 DEOPT PACKING pc=0x00000000025a0a90 sp=0x000000001863dbd0
Event: 3.386 Thread 0x0000000017181800 DEOPT UNPACKING pc=0x000000000238582a sp=0x000000001863db10 mode 2
Event: 3.389 Executing VM operation: ParallelGCFailedAllocation
Event: 3.878 Executing VM operation: ParallelGCFailedAllocation done


Dynamic libraries:
0x00007ff6cb940000 - 0x00007ff6cb977000 	C:\Program Files\Java\jdk1.8.0_45\bin\java.exe
0x00007ffa505c0000 - 0x00007ffa50781000 	C:\WINDOWS\SYSTEM32\ntdll.dll
0x00007ffa4ef00000 - 0x00007ffa4efad000 	C:\WINDOWS\system32\KERNEL32.DLL
0x00007ffa4ce40000 - 0x00007ffa4d028000 	C:\WINDOWS\system32\KERNELBASE.dll
0x00007ffa4e860000 - 0x00007ffa4e907000 	C:\WINDOWS\system32\ADVAPI32.dll
0x00007ffa4ee60000 - 0x00007ffa4eefd000 	C:\WINDOWS\system32\msvcrt.dll
0x00007ffa4e7f0000 - 0x00007ffa4e84b000 	C:\WINDOWS\system32\sechost.dll
0x00007ffa4e910000 - 0x00007ffa4ea2c000 	C:\WINDOWS\system32\RPCRT4.dll
0x00007ffa4d9d0000 - 0x00007ffa4db26000 	C:\WINDOWS\system32\USER32.dll
0x00007ffa4dce0000 - 0x00007ffa4de66000 	C:\WINDOWS\system32\GDI32.dll
0x00007ffa462a0000 - 0x00007ffa46514000 	C:\WINDOWS\WinSxS\amd64_microsoft.windows.common-controls_6595b64144ccf1df_6.0.10586.0_none_8c15ae12515e1c22\COMCTL32.dll
0x00007ffa4eae0000 - 0x00007ffa4ed5d000 	C:\WINDOWS\system32\combase.dll
0x00007ffa4d950000 - 0x00007ffa4d9ba000 	C:\WINDOWS\system32\bcryptPrimitives.dll
0x00007ffa50510000 - 0x00007ffa5054b000 	C:\WINDOWS\system32\IMM32.DLL
0x0000000064f30000 - 0x0000000065002000 	C:\Program Files\Java\jdk1.8.0_45\jre\bin\msvcr100.dll
0x0000000065ad0000 - 0x0000000066353000 	C:\Program Files\Java\jdk1.8.0_45\jre\bin\server\jvm.dll
0x00007ffa4ee50000 - 0x00007ffa4ee58000 	C:\WINDOWS\system32\PSAPI.DLL
0x00007ffa4ac40000 - 0x00007ffa4ac63000 	C:\WINDOWS\SYSTEM32\WINMM.dll
0x00007ffa3e540000 - 0x00007ffa3e549000 	C:\WINDOWS\SYSTEM32\WSOCK32.dll
0x00007ffa470a0000 - 0x00007ffa470aa000 	C:\WINDOWS\SYSTEM32\VERSION.dll
0x00007ffa4e620000 - 0x00007ffa4e68b000 	C:\WINDOWS\system32\WS2_32.dll
0x00007ffa4abe0000 - 0x00007ffa4ac0c000 	C:\WINDOWS\SYSTEM32\WINMMBASE.dll
0x00007ffa4d030000 - 0x00007ffa4d073000 	C:\WINDOWS\system32\cfgmgr32.dll
0x0000000065ac0000 - 0x0000000065acf000 	C:\Program Files\Java\jdk1.8.0_45\jre\bin\verify.dll
0x0000000065a90000 - 0x0000000065ab9000 	C:\Program Files\Java\jdk1.8.0_45\jre\bin\java.dll
0x0000000065a70000 - 0x0000000065a86000 	C:\Program Files\Java\jdk1.8.0_45\jre\bin\zip.dll
0x00007ffa4efb0000 - 0x00007ffa5050c000 	C:\WINDOWS\system32\SHELL32.dll
0x00007ffa4d0a0000 - 0x00007ffa4d6e5000 	C:\WINDOWS\system32\windows.storage.dll
0x00007ffa4e5c0000 - 0x00007ffa4e612000 	C:\WINDOWS\system32\shlwapi.dll
0x00007ffa4cc60000 - 0x00007ffa4cc6f000 	C:\WINDOWS\system32\kernel.appcore.dll
0x00007ffa4d780000 - 0x00007ffa4d835000 	C:\WINDOWS\system32\shcore.dll
0x00007ffa4cc10000 - 0x00007ffa4cc5b000 	C:\WINDOWS\system32\powrprof.dll
0x00007ffa4cbe0000 - 0x00007ffa4cbf4000 	C:\WINDOWS\system32\profapi.dll

VM Arguments:
jvm_args: -Djava.awt.headless=true -Xmx1024M -Dfile.encoding=windows-1252 -Duser.country=US -Duser.language=en -Duser.variant 
java_command: com.android.dx.command.Main --dex --force-jumbo --num-threads=4 --multi-dex --output E:\DevLife\MemoryLayersProject\Android\code\codev2\MemoryLayers\app\build\intermediates\transforms\dex\debug\folders\1000\10\okhttp-3.0.1_1971cb289473cf050e075ff2544ee0c8190bbdf6 C:\Users\ahmed.marzouk\.gradle\caches\modules-2\files-2.1\com.squareup.okhttp3\okhttp\3.0.1\b34c1f2d993044656e87f88970b6818e99e886ba\okhttp-3.0.1.jar
java_class_path (initial): C:\Users\ahmed.marzouk\AppData\Local\Android\sdk\build-tools\23.0.3\lib\dx.jar
Launcher Type: SUN_STANDARD

Environment Variables:
JAVA_HOME=C:\PROGRA~1\Java\JDK18~1.0_4
USERNAME=ahmed.marzouk
OS=Windows_NT
PROCESSOR_IDENTIFIER=Intel64 Family 6 Model 60 Stepping 3, GenuineIntel



---------------  S Y S T E M  ---------------

OS: Windows 10.0 , 64 bit Build 10586 (10.0.10586.0)

CPU:total 8 (4 cores per cpu, 2 threads per core) family 6 model 60 stepping 3, cmov, cx8, fxsr, mmx, sse, sse2, sse3, ssse3, sse4.1, sse4.2, popcnt, avx, avx2, aes, clmul, erms, lzcnt, ht, tsc, tscinvbit, bmi1, bmi2

Memory: 4k page, physical 8298776k(794672k free), swap 12994840k(4684k free)

vm_info: Java HotSpot(TM) 64-Bit Server VM (25.45-b02) for windows-amd64 JRE (1.8.0_45-b15), built on Apr 30 2015 12:40:44 by "java_re" with MS VC++ 10.0 (VS2010)

time: Sat Apr 16 07:20:03 2016
elapsed time: 3 seconds (0d 0h 0m 3s)

