#
# There is insufficient memory for the Java Runtime Environment to continue.
# Native memory allocation (malloc) failed to allocate 400336 bytes for Chunk::new
# Possible reasons:
#   The system is out of physical RAM or swap space
#   In 32 bit mode, the process size limit was hit
# Possible solutions:
#   Reduce memory load on the system
#   Increase physical memory or swap space
#   Check if swap backing store is full
#   Use 64 bit Java on a 64 bit OS
#   Decrease Java heap size (-Xmx/-Xms)
#   Decrease number of Java threads
#   Decrease Java thread stack sizes (-Xss)
#   Set larger code cache with -XX:ReservedCodeCacheSize=
# This output file may be truncated or incomplete.
#
#  Out of Memory Error (allocation.cpp:390), pid=39116, tid=39832
#
# JRE version: Java(TM) SE Runtime Environment (8.0_45-b15) (build 1.8.0_45-b15)
# Java VM: Java HotSpot(TM) 64-Bit Server VM (25.45-b02 mixed mode windows-amd64 compressed oops)
# Failed to write core dump. Minidumps are not enabled by default on client versions of Windows
#

---------------  T H R E A D  ---------------

Current thread (0x0000000016ea4800):  JavaThread "C2 CompilerThread0" daemon [_thread_in_native, id=39832, stack(0x0000000017470000,0x0000000017570000)]

Stack: [0x0000000017470000,0x0000000017570000]
Native frames: (J=compiled Java code, j=interpreted, Vv=VM code, C=native code)
V  [jvm.dll+0x32b57a]


Current CompileTask:
C2:   1282 1389       4       com.android.dx.dex.code.OutputFinisher::addConstants (93 bytes)


---------------  P R O C E S S  ---------------

Java Threads: ( => current thread )
  0x0000000016f3a800 JavaThread "Service Thread" daemon [_thread_blocked, id=39868, stack(0x0000000017870000,0x0000000017970000)]
  0x0000000016ebc800 JavaThread "C1 CompilerThread3" daemon [_thread_blocked, id=39856, stack(0x0000000017770000,0x0000000017870000)]
  0x0000000016e9e800 JavaThread "C2 CompilerThread2" daemon [_thread_in_native, id=39848, stack(0x0000000017670000,0x0000000017770000)]
  0x0000000016e98000 JavaThread "C2 CompilerThread1" daemon [_thread_in_native, id=39852, stack(0x0000000017570000,0x0000000017670000)]
=>0x0000000016ea4800 JavaThread "C2 CompilerThread0" daemon [_thread_in_native, id=39832, stack(0x0000000017470000,0x0000000017570000)]
  0x0000000016ea2800 JavaThread "Attach Listener" daemon [_thread_blocked, id=39844, stack(0x0000000017370000,0x0000000017470000)]
  0x0000000016ea1800 JavaThread "Signal Dispatcher" daemon [_thread_blocked, id=39840, stack(0x0000000017270000,0x0000000017370000)]
  0x000000000237a800 JavaThread "Finalizer" daemon [_thread_blocked, id=39672, stack(0x0000000016d70000,0x0000000016e70000)]
  0x0000000002374000 JavaThread "Reference Handler" daemon [_thread_blocked, id=39676, stack(0x0000000016c70000,0x0000000016d70000)]
  0x0000000002282800 JavaThread "main" [_thread_in_Java, id=39356, stack(0x00000000020d0000,0x00000000021d0000)]

Other Threads:
  0x0000000014e99000 VMThread [stack: 0x0000000016b70000,0x0000000016c70000] [id=39668]
  0x0000000016f3b000 WatcherThread [stack: 0x0000000017970000,0x0000000017a70000] [id=39884]

VM state:not at safepoint (normal execution)

VM Mutex/Monitor currently owned by a thread: None

Heap:
 PSYoungGen      total 38400K, used 15117K [0x00000000eab00000, 0x00000000ed580000, 0x0000000100000000)
  eden space 33280K, 30% used [0x00000000eab00000,0x00000000eb4c8ed8,0x00000000ecb80000)
  from space 5120K, 99% used [0x00000000ecb80000,0x00000000ed07a838,0x00000000ed080000)
  to   space 5120K, 0% used [0x00000000ed080000,0x00000000ed080000,0x00000000ed580000)
 ParOldGen       total 87552K, used 1063K [0x00000000c0000000, 0x00000000c5580000, 0x00000000eab00000)
  object space 87552K, 1% used [0x00000000c0000000,0x00000000c0109de0,0x00000000c5580000)
 Metaspace       used 6141K, capacity 7088K, committed 7296K, reserved 1056768K
  class space    used 608K, capacity 616K, committed 640K, reserved 1048576K

Card table byte_map: [0x0000000011740000,0x0000000011950000] byte_map_base: 0x0000000011140000

Marking Bits: (ParMarkBitMap*) 0x00000000662d4040
 Begin Bits: [0x00000000122b0000, 0x00000000132b0000)
 End Bits:   [0x00000000132b0000, 0x00000000142b0000)

Polling page: 0x00000000004f0000

CodeCache: size=245760Kb used=5643Kb max_used=5652Kb free=240116Kb
 bounds [0x0000000002380000, 0x0000000002910000, 0x0000000011380000]
 total_blobs=1750 nmethods=1480 adapters=182
 compilation: enabled

Compilation events (10 events):
Event: 1.275 Thread 0x0000000016ebc800 nmethod 1487 0x0000000002904fd0 code [0x0000000002905160, 0x0000000002905478]
Event: 1.275 Thread 0x0000000016ebc800 1488       1       com.android.dx.dex.code.form.Form21c::codeSize (2 bytes)
Event: 1.275 Thread 0x0000000016ebc800 nmethod 1488 0x00000000028fb790 code [0x00000000028fb8e0, 0x00000000028fb9f0]
Event: 1.276 Thread 0x0000000016ebc800 1489       1       com.android.dx.dex.code.form.Form31c::codeSize (2 bytes)
Event: 1.276 Thread 0x0000000016ebc800 nmethod 1489 0x00000000029055d0 code [0x0000000002905720, 0x0000000002905830]
Event: 1.276 Thread 0x0000000016ebc800 1490       1       com.android.dx.dex.code.form.Form22x::codeSize (2 bytes)
Event: 1.276 Thread 0x0000000016ebc800 nmethod 1490 0x0000000002905890 code [0x00000000029059e0, 0x0000000002905af0]
Event: 1.276 Thread 0x0000000016ebc800 1491       3       com.android.dx.dex.code.PositionList$Entry::<init> (43 bytes)
Event: 1.277 Thread 0x0000000016ebc800 nmethod 1491 0x0000000002905b50 code [0x0000000002905ce0, 0x0000000002906098]
Event: 1.277 Thread 0x0000000016ebc800 1492       3       com.android.dx.dex.code.PositionList::set (7 bytes)

GC Heap History (2 events):
Event: 0.842 GC heap before
{Heap before GC invocations=1 (full 0):
 PSYoungGen      total 38400K, used 33280K [0x00000000eab00000, 0x00000000ed580000, 0x0000000100000000)
  eden space 33280K, 100% used [0x00000000eab00000,0x00000000ecb80000,0x00000000ecb80000)
  from space 5120K, 0% used [0x00000000ed080000,0x00000000ed080000,0x00000000ed580000)
  to   space 5120K, 0% used [0x00000000ecb80000,0x00000000ecb80000,0x00000000ed080000)
 ParOldGen       total 87552K, used 0K [0x00000000c0000000, 0x00000000c5580000, 0x00000000eab00000)
  object space 87552K, 0% used [0x00000000c0000000,0x00000000c0000000,0x00000000c5580000)
 Metaspace       used 5866K, capacity 6896K, committed 7040K, reserved 1056768K
  class space    used 590K, capacity 616K, committed 640K, reserved 1048576K
Event: 0.877 GC heap after
Heap after GC invocations=1 (full 0):
 PSYoungGen      total 38400K, used 5098K [0x00000000eab00000, 0x00000000ed580000, 0x0000000100000000)
  eden space 33280K, 0% used [0x00000000eab00000,0x00000000eab00000,0x00000000ecb80000)
  from space 5120K, 99% used [0x00000000ecb80000,0x00000000ed07a838,0x00000000ed080000)
  to   space 5120K, 0% used [0x00000000ed080000,0x00000000ed080000,0x00000000ed580000)
 ParOldGen       total 87552K, used 1063K [0x00000000c0000000, 0x00000000c5580000, 0x00000000eab00000)
  object space 87552K, 1% used [0x00000000c0000000,0x00000000c0109de0,0x00000000c5580000)
 Metaspace       used 5866K, capacity 6896K, committed 7040K, reserved 1056768K
  class space    used 590K, capacity 616K, committed 640K, reserved 1048576K
}

Deoptimization events (10 events):
Event: 1.113 Thread 0x0000000002282800 Uncommon trap: reason=bimorphic action=maybe_recompile pc=0x0000000002583fe4 method=java.util.HashMap.getNode(ILjava/lang/Object;)Ljava/util/HashMap$Node; @ 126
Event: 1.113 Thread 0x0000000002282800 Uncommon trap: reason=bimorphic action=maybe_recompile pc=0x0000000002583fe4 method=java.util.HashMap.getNode(ILjava/lang/Object;)Ljava/util/HashMap$Node; @ 126
Event: 1.113 Thread 0x0000000002282800 Uncommon trap: reason=bimorphic action=maybe_recompile pc=0x00000000025bad50 method=java.util.HashMap.getNode(ILjava/lang/Object;)Ljava/util/HashMap$Node; @ 126
Event: 1.166 Thread 0x0000000002282800 Uncommon trap: reason=class_check action=maybe_recompile pc=0x00000000026ea050 method=java.util.HashMap.putVal(ILjava/lang/Object;Ljava/lang/Object;ZZ)Ljava/lang/Object; @ 203
Event: 1.166 Thread 0x0000000002282800 Uncommon trap: reason=class_check action=maybe_recompile pc=0x00000000026ea050 method=java.util.HashMap.putVal(ILjava/lang/Object;Ljava/lang/Object;ZZ)Ljava/lang/Object; @ 203
Event: 1.166 Thread 0x0000000002282800 Uncommon trap: reason=class_check action=maybe_recompile pc=0x00000000026ea050 method=java.util.HashMap.putVal(ILjava/lang/Object;Ljava/lang/Object;ZZ)Ljava/lang/Object; @ 203
Event: 1.235 Thread 0x0000000002282800 Uncommon trap: reason=class_check action=maybe_recompile pc=0x0000000002635a74 method=java.util.Arrays.equals([Ljava/lang/Object;[Ljava/lang/Object;)Z @ 62
Event: 1.235 Thread 0x0000000002282800 Uncommon trap: reason=class_check action=maybe_recompile pc=0x0000000002635a74 method=java.util.Arrays.equals([Ljava/lang/Object;[Ljava/lang/Object;)Z @ 62
Event: 1.235 Thread 0x0000000002282800 Uncommon trap: reason=class_check action=maybe_recompile pc=0x0000000002635a74 method=java.util.Arrays.equals([Ljava/lang/Object;[Ljava/lang/Object;)Z @ 62
Event: 1.235 Thread 0x0000000002282800 Uncommon trap: reason=class_check action=maybe_recompile pc=0x0000000002635a74 method=java.util.Arrays.equals([Ljava/lang/Object;[Ljava/lang/Object;)Z @ 62

Internal exceptions (5 events):
Event: 0.054 Thread 0x0000000002282800 Exception <a 'java/lang/NoSuchMethodError': Method sun.misc.Unsafe.defineClass(Ljava/lang/String;[BII)Ljava/lang/Class; name or signature does not match> (0x00000000eab0e400) thrown at [C:\re\workspace\8-2-build-windows-amd64-cygwin\jdk8u45\3627\hotspot\srØeCc·ã«?
Event: 0.054 Thread 0x0000000002282800 Exception <a 'java/lang/NoSuchMethodError': Method sun.misc.Unsafe.prefetchRead(Ljava/lang/Object;J)V name or signature does not match> (0x00000000eab0e690) thrown at [C:\re\workspace\8-2-build-windows-amd64-cygwin\jdk8u45\3627\hotspot\src\share\vm\prims\j¿0 
Tà?
Event: 0.510 Thread 0x0000000017111800 Implicit null exception at 0x000000000260caa2 to 0x000000000260cb95
Event: 0.937 Thread 0x0000000017111800 Implicit null exception at 0x000000000280ad5a to 0x000000000280cdad
Event: 0.937 Thread 0x0000000017111800 Implicit null exception at 0x0000000002840050 to 0x0000000002841e61

Events (10 events):
Event: 1.235 Thread 0x0000000002282800 DEOPT UNPACKING pc=0x00000000023c582a sp=0x00000000021ce960 mode 2
Event: 1.235 Thread 0x0000000002282800 Uncommon trap: trap_request=0xffffffde fr.pc=0x0000000002635a74
Event: 1.235 Thread 0x0000000002282800 DEOPT PACKING pc=0x0000000002635a74 sp=0x00000000021ce9d0
Event: 1.235 Thread 0x0000000002282800 DEOPT UNPACKING pc=0x00000000023c582a sp=0x00000000021ce960 mode 2
Event: 1.235 loading class com/android/dx/dex/code/CatchTable$Entry
Event: 1.236 loading class com/android/dx/dex/code/CatchTable$Entry done
Event: 1.237 loading class com/android/dx/util/ByteArrayAnnotatedOutput
Event: 1.237 loading class com/android/dx/util/ByteArrayAnnotatedOutput done
Event: 1.239 loading class com/android/dx/rop/code/RegisterSpecList$Expander
Event: 1.239 loading class com/android/dx/rop/code/RegisterSpecList$Expander done


Dynamic libraries:
0x00007ff6cb940000 - 0x00007ff6cb977000 	C:\Program Files\Java\jdk1.8.0_45\bin\java.exe
0x00007ffa505c0000 - 0x00007ffa50781000 	C:\WINDOWS\SYSTEM32\ntdll.dll
0x00007ffa4ef00000 - 0x00007ffa4efad000 	C:\WINDOWS\system32\KERNEL32.DLL
0x00007ffa4ce40000 - 0x00007ffa4d028000 	C:\WINDOWS\system32\KERNELBASE.dll
0x00007ffa4e860000 - 0x00007ffa4e907000 	C:\WINDOWS\system32\ADVAPI32.dll
0x00007ffa4ee60000 - 0x00007ffa4eefd000 	C:\WINDOWS\system32\msvcrt.dll
0x00007ffa4e7f0000 - 0x00007ffa4e84b000 	C:\WINDOWS\system32\sechost.dll
0x00007ffa4e910000 - 0x00007ffa4ea2c000 	C:\WINDOWS\system32\RPCRT4.dll
0x00007ffa4d9d0000 - 0x00007ffa4db26000 	C:\WINDOWS\system32\USER32.dll
0x00007ffa4dce0000 - 0x00007ffa4de66000 	C:\WINDOWS\system32\GDI32.dll
0x00007ffa462a0000 - 0x00007ffa46514000 	C:\WINDOWS\WinSxS\amd64_microsoft.windows.common-controls_6595b64144ccf1df_6.0.10586.0_none_8c15ae12515e1c22\COMCTL32.dll
0x00007ffa4eae0000 - 0x00007ffa4ed5d000 	C:\WINDOWS\system32\combase.dll
0x00007ffa4d950000 - 0x00007ffa4d9ba000 	C:\WINDOWS\system32\bcryptPrimitives.dll
0x00007ffa50510000 - 0x00007ffa5054b000 	C:\WINDOWS\system32\IMM32.DLL
0x0000000064f00000 - 0x0000000064fd2000 	C:\Program Files\Java\jdk1.8.0_45\jre\bin\msvcr100.dll
0x0000000065ad0000 - 0x0000000066353000 	C:\Program Files\Java\jdk1.8.0_45\jre\bin\server\jvm.dll
0x00007ffa4ee50000 - 0x00007ffa4ee58000 	C:\WINDOWS\system32\PSAPI.DLL
0x00007ffa3e540000 - 0x00007ffa3e549000 	C:\WINDOWS\SYSTEM32\WSOCK32.dll
0x00007ffa4e620000 - 0x00007ffa4e68b000 	C:\WINDOWS\system32\WS2_32.dll
0x00007ffa4ac40000 - 0x00007ffa4ac63000 	C:\WINDOWS\SYSTEM32\WINMM.dll
0x00007ffa470a0000 - 0x00007ffa470aa000 	C:\WINDOWS\SYSTEM32\VERSION.dll
0x00007ffa4abe0000 - 0x00007ffa4ac0c000 	C:\WINDOWS\SYSTEM32\WINMMBASE.dll
0x00007ffa4d030000 - 0x00007ffa4d073000 	C:\WINDOWS\system32\cfgmgr32.dll
0x0000000065ac0000 - 0x0000000065acf000 	C:\Program Files\Java\jdk1.8.0_45\jre\bin\verify.dll
0x0000000065a90000 - 0x0000000065ab9000 	C:\Program Files\Java\jdk1.8.0_45\jre\bin\java.dll
0x0000000065a70000 - 0x0000000065a86000 	C:\Program Files\Java\jdk1.8.0_45\jre\bin\zip.dll
0x00007ffa4efb0000 - 0x00007ffa5050c000 	C:\WINDOWS\system32\SHELL32.dll
0x00007ffa4d0a0000 - 0x00007ffa4d6e5000 	C:\WINDOWS\system32\windows.storage.dll
0x00007ffa4e5c0000 - 0x00007ffa4e612000 	C:\WINDOWS\system32\shlwapi.dll
0x00007ffa4cc60000 - 0x00007ffa4cc6f000 	C:\WINDOWS\system32\kernel.appcore.dll
0x00007ffa4d780000 - 0x00007ffa4d835000 	C:\WINDOWS\system32\shcore.dll
0x00007ffa4cc10000 - 0x00007ffa4cc5b000 	C:\WINDOWS\system32\powrprof.dll
0x00007ffa4cbe0000 - 0x00007ffa4cbf4000 	C:\WINDOWS\system32\profapi.dll
0x00007ffa24ae0000 - 0x00007ffa24c6c000 	C:\WINDOWS\SYSTEM32\dbghelp.dll

VM Arguments:
jvm_args: -Djava.awt.headless=true -Xmx1024M -Dfile.encoding=windows-1252 -Duser.country=US -Duser.language=en -Duser.variant 
java_command: com.android.dx.command.Main --dex --force-jumbo --num-threads=4 --output E:\DevLife\MemoryLayersProject\Android\code\codev2\MemoryLayers\app\build\intermediates\pre-dexed\debug\butterknife-7.0.1_8891ba5d273ed86bf628313efcc0ee8ef0c498b4.jar C:\Users\ahmed.marzouk\.gradle\caches\modules-2\files-2.1\com.jakewharton\butterknife\7.0.1\d5d13ea991eab0252e3710e5df3d6a9d4b21d461\butterknife-7.0.1.jar
java_class_path (initial): C:\Users\ahmed.marzouk\AppData\Local\Android\sdk\build-tools\23.0.3\lib\dx.jar
Launcher Type: SUN_STANDARD

Environment Variables:
JAVA_HOME=C:\PROGRA~1\Java\JDK18~1.0_4
USERNAME=ahmed.marzouk
OS=Windows_NT
PROCESSOR_IDENTIFIER=Intel64 Family 6 Model 60 Stepping 3, GenuineIntel



---------------  S Y S T E M  ---------------

OS: Windows 10.0 , 64 bit Build 10586 (10.0.10586.0)

CPU:total 8 (4 cores per cpu, 2 threads per core) family 6 model 60 stepping 3, cmov, cx8, fxsr, mmx, sse, sse2, sse3, ssse3, sse4.1, sse4.2, popcnt, avx, avx2, aes, clmul, erms, lzcnt, ht, tsc, tscinvbit, bmi1, bmi2

Memory: 4k page, physical 8298776k(1168520k free), swap 12994840k(11580k free)

vm_info: Java HotSpot(TM) 64-Bit Server VM (25.45-b02) for windows-amd64 JRE (1.8.0_45-b15), built on Apr 30 2015 12:40:44 by "java_re" with MS VC++ 10.0 (VS2010)

time: Fri Apr 15 23:50:37 2016
elapsed time: 1 seconds (0d 0h 0m 1s)

