#
# There is insufficient memory for the Java Runtime Environment to continue.
# Native memory allocation (malloc) failed to allocate 32744 bytes for ChunkPool::allocate
# Possible reasons:
#   The system is out of physical RAM or swap space
#   In 32 bit mode, the process size limit was hit
# Possible solutions:
#   Reduce memory load on the system
#   Increase physical memory or swap space
#   Check if swap backing store is full
#   Use 64 bit Java on a 64 bit OS
#   Decrease Java heap size (-Xmx/-Xms)
#   Decrease number of Java threads
#   Decrease Java thread stack sizes (-Xss)
#   Set larger code cache with -XX:ReservedCodeCacheSize=
# This output file may be truncated or incomplete.
#
#  Out of Memory Error (allocation.cpp:273), pid=21756, tid=38788
#
# JRE version: Java(TM) SE Runtime Environment (8.0_45-b15) (build 1.8.0_45-b15)
# Java VM: Java HotSpot(TM) 64-Bit Server VM (25.45-b02 mixed mode windows-amd64 compressed oops)
# Failed to write core dump. Minidumps are not enabled by default on client versions of Windows
#

---------------  T H R E A D  ---------------

Current thread (0x0000000016e25000):  JavaThread "C1 CompilerThread3" daemon [_thread_in_native, id=38788, stack(0x00000000176d0000,0x00000000177d0000)]

Stack: [0x00000000176d0000,0x00000000177d0000]
Native frames: (J=compiled Java code, j=interpreted, Vv=VM code, C=native code)
V  [jvm.dll+0x32b57a]


Current CompileTask:
C1:   1458  208   !   3       com.android.dx.cf.cst.ConstantPoolParser::parse0 (731 bytes)


---------------  P R O C E S S  ---------------

Java Threads: ( => current thread )
  0x0000000017006800 JavaThread "pool-2-thread-4" [_thread_blocked, id=22376, stack(0x0000000017fd0000,0x00000000180d0000)]
  0x0000000017003800 JavaThread "pool-2-thread-3" [_thread_blocked, id=24312, stack(0x0000000017cd0000,0x0000000017dd0000)]
  0x0000000017001000 JavaThread "pool-2-thread-2" [_thread_in_Java, id=13184, stack(0x0000000017bd0000,0x0000000017cd0000)]
  0x0000000016ffd000 JavaThread "pool-3-thread-1" [_thread_blocked, id=7612, stack(0x0000000017ad0000,0x0000000017bd0000)]
  0x0000000016ffc000 JavaThread "pool-2-thread-1" [_thread_blocked, id=16152, stack(0x00000000179d0000,0x0000000017ad0000)]
  0x0000000016e85000 JavaThread "Service Thread" daemon [_thread_blocked, id=40664, stack(0x00000000177d0000,0x00000000178d0000)]
=>0x0000000016e25000 JavaThread "C1 CompilerThread3" daemon [_thread_in_native, id=38788, stack(0x00000000176d0000,0x00000000177d0000)]
  0x0000000016e0a800 JavaThread "C2 CompilerThread2" daemon [_thread_in_native, id=27848, stack(0x00000000175d0000,0x00000000176d0000)]
  0x0000000016e03000 JavaThread "C2 CompilerThread1" daemon [_thread_blocked, id=38964, stack(0x00000000174d0000,0x00000000175d0000)]
  0x0000000016df9000 JavaThread "C2 CompilerThread0" daemon [_thread_blocked, id=12844, stack(0x00000000173d0000,0x00000000174d0000)]
  0x0000000016df7000 JavaThread "Attach Listener" daemon [_thread_blocked, id=38556, stack(0x00000000172d0000,0x00000000173d0000)]
  0x0000000016df6800 JavaThread "Signal Dispatcher" daemon [_thread_blocked, id=37732, stack(0x00000000171d0000,0x00000000172d0000)]
  0x00000000022a5800 JavaThread "Finalizer" daemon [_thread_blocked, id=39840, stack(0x0000000016cd0000,0x0000000016dd0000)]
  0x0000000014dcd800 JavaThread "Reference Handler" daemon [_thread_blocked, id=10988, stack(0x0000000016bd0000,0x0000000016cd0000)]
  0x00000000021b2800 JavaThread "main" [_thread_in_native, id=18984, stack(0x00000000020b0000,0x00000000021b0000)]

Other Threads:
  0x0000000014dc9000 VMThread [stack: 0x0000000016ad0000,0x0000000016bd0000] [id=37844]
  0x0000000016e86000 WatcherThread [stack: 0x00000000178d0000,0x00000000179d0000] [id=31724]

VM state:not at safepoint (normal execution)

VM Mutex/Monitor currently owned by a thread: None

Heap:
 PSYoungGen      total 38400K, used 6657K [0x00000000eab00000, 0x00000000ed580000, 0x0000000100000000)
  eden space 33280K, 20% used [0x00000000eab00000,0x00000000eb1806a8,0x00000000ecb80000)
  from space 5120K, 0% used [0x00000000ecb80000,0x00000000ecb80000,0x00000000ed080000)
  to   space 5120K, 0% used [0x00000000ed080000,0x00000000ed080000,0x00000000ed580000)
 ParOldGen       total 55808K, used 466K [0x00000000c0000000, 0x00000000c3680000, 0x00000000eab00000)
  object space 55808K, 0% used [0x00000000c0000000,0x00000000c00748a8,0x00000000c3680000)
 Metaspace       used 4070K, capacity 5296K, committed 5376K, reserved 1058816K
  class space    used 458K, capacity 488K, committed 512K, reserved 1048576K

Card table byte_map: [0x0000000011670000,0x0000000011880000] byte_map_base: 0x0000000011070000

Marking Bits: (ParMarkBitMap*) 0x00000000662d4040
 Begin Bits: [0x00000000121e0000, 0x00000000131e0000)
 End Bits:   [0x00000000131e0000, 0x00000000141e0000)

Polling page: 0x0000000000870000

CodeCache: size=245760Kb used=1471Kb max_used=1482Kb free=244288Kb
 bounds [0x00000000022b0000, 0x0000000002520000, 0x00000000112b0000]
 total_blobs=470 nmethods=211 adapters=172
 compilation: enabled

Compilation events (10 events):
Event: 1.307 Thread 0x0000000016e25000  201       3       java.util.zip.ZipCoder::encoder (35 bytes)
Event: 1.309 Thread 0x0000000016e25000 nmethod 201 0x0000000002417250 code [0x00000000024173e0, 0x0000000002417a48]
Event: 1.309 Thread 0x0000000016df9000 nmethod 204 0x0000000002416f90 code [0x00000000024170c0, 0x0000000002417138]
Event: 1.342 Thread 0x0000000016e25000  206       3       com.android.dx.rop.cst.StdConstantPool::set (123 bytes)
Event: 1.345 Thread 0x0000000016e25000 nmethod 206 0x000000000241f090 code [0x000000000241f2c0, 0x000000000241ffc8]
Event: 1.345 Thread 0x0000000016e25000  207       3       com.android.dx.rop.cst.TypedConstant::<init> (5 bytes)
Event: 1.345 Thread 0x0000000016e25000 nmethod 207 0x000000000241ec10 code [0x000000000241ed80, 0x000000000241ef90]
Event: 1.345 Thread 0x0000000016e25000  208   !   3       com.android.dx.cf.cst.ConstantPoolParser::parse0 (731 bytes)
Event: 1.346 Thread 0x0000000016e03000  212       4       com.android.dx.util.ByteArray::checkOffsets (66 bytes)
Event: 1.348 Thread 0x0000000016e03000 nmethod 212 0x000000000241e5d0 code [0x000000000241e700, 0x000000000241e7b8]

GC Heap History (4 events):
Event: 0.509 GC heap before
{Heap before GC invocations=1 (full 0):
 PSYoungGen      total 38400K, used 1996K [0x00000000eab00000, 0x00000000ed580000, 0x0000000100000000)
  eden space 33280K, 6% used [0x00000000eab00000,0x00000000eacf33f8,0x00000000ecb80000)
  from space 5120K, 0% used [0x00000000ed080000,0x00000000ed080000,0x00000000ed580000)
  to   space 5120K, 0% used [0x00000000ecb80000,0x00000000ecb80000,0x00000000ed080000)
 ParOldGen       total 87552K, used 0K [0x00000000c0000000, 0x00000000c5580000, 0x00000000eab00000)
  object space 87552K, 0% used [0x00000000c0000000,0x00000000c0000000,0x00000000c5580000)
 Metaspace       used 2816K, capacity 4480K, committed 4480K, reserved 1062912K
  class space    used 303K, capacity 384K, committed 384K, reserved 1048576K
Event: 0.527 GC heap after
Heap after GC invocations=1 (full 0):
 PSYoungGen      total 38400K, used 544K [0x00000000eab00000, 0x00000000ed580000, 0x0000000100000000)
  eden space 33280K, 0% used [0x00000000eab00000,0x00000000eab00000,0x00000000ecb80000)
  from space 5120K, 10% used [0x00000000ecb80000,0x00000000ecc08020,0x00000000ed080000)
  to   space 5120K, 0% used [0x00000000ed080000,0x00000000ed080000,0x00000000ed580000)
 ParOldGen       total 87552K, used 8K [0x00000000c0000000, 0x00000000c5580000, 0x00000000eab00000)
  object space 87552K, 0% used [0x00000000c0000000,0x00000000c0002000,0x00000000c5580000)
 Metaspace       used 2816K, capacity 4480K, committed 4480K, reserved 1062912K
  class space    used 303K, capacity 384K, committed 384K, reserved 1048576K
}
Event: 0.527 GC heap before
{Heap before GC invocations=2 (full 1):
 PSYoungGen      total 38400K, used 544K [0x00000000eab00000, 0x00000000ed580000, 0x0000000100000000)
  eden space 33280K, 0% used [0x00000000eab00000,0x00000000eab00000,0x00000000ecb80000)
  from space 5120K, 10% used [0x00000000ecb80000,0x00000000ecc08020,0x00000000ed080000)
  to   space 5120K, 0% used [0x00000000ed080000,0x00000000ed080000,0x00000000ed580000)
 ParOldGen       total 87552K, used 8K [0x00000000c0000000, 0x00000000c5580000, 0x00000000eab00000)
  object space 87552K, 0% used [0x00000000c0000000,0x00000000c0002000,0x00000000c5580000)
 Metaspace       used 2816K, capacity 4480K, committed 4480K, reserved 1062912K
  class space    used 303K, capacity 384K, committed 384K, reserved 1048576K
Event: 0.563 GC heap after
Heap after GC invocations=2 (full 1):
 PSYoungGen      total 38400K, used 0K [0x00000000eab00000, 0x00000000ed580000, 0x0000000100000000)
  eden space 33280K, 0% used [0x00000000eab00000,0x00000000eab00000,0x00000000ecb80000)
  from space 5120K, 0% used [0x00000000ecb80000,0x00000000ecb80000,0x00000000ed080000)
  to   space 5120K, 0% used [0x00000000ed080000,0x00000000ed080000,0x00000000ed580000)
 ParOldGen       total 55808K, used 466K [0x00000000c0000000, 0x00000000c3680000, 0x00000000eab00000)
  object space 55808K, 0% used [0x00000000c0000000,0x00000000c00748a8,0x00000000c3680000)
 Metaspace       used 2816K, capacity 4480K, committed 4480K, reserved 1058816K
  class space    used 303K, capacity 384K, committed 384K, reserved 1048576K
}

Deoptimization events (0 events):
No events

Internal exceptions (2 events):
Event: 0.176 Thread 0x00000000021b2800 Exception <a 'java/lang/NoSuchMethodError': Method sun.misc.Unsafe.defineClass(Ljava/lang/String;[BII)Ljava/lang/Class; name or signature does not match> (0x00000000eab0e410) thrown at [C:\re\workspace\8-2-build-windows-amd64-cygwin\jdk8u45\3627\hotspot\sr¯›yŽÆ?
Event: 0.176 Thread 0x00000000021b2800 Exception <a 'java/lang/NoSuchMethodError': Method sun.misc.Unsafe.prefetchRead(Ljava/lang/Object;J)V name or signature does not match> (0x00000000eab0e6a0) thrown at [C:\re\workspace\8-2-build-windows-amd64-cygwin\jdk8u45\3627\hotspot\src\share\vm\prims\j

Events (10 events):
Event: 1.299 loading class com/android/dx/command/dexer/Main$ClassDefItemConsumer done
Event: 1.301 Thread 0x0000000016ffd000 Thread added: 0x0000000016ffd000
Event: 1.304 loading class com/android/dx/cf/code/ByteCatchList$Item
Event: 1.304 loading class com/android/dx/cf/code/ByteCatchList$Item done
Event: 1.307 loading class com/android/dx/cf/attrib/AttEnclosingMethod
Event: 1.308 loading class com/android/dx/cf/attrib/AttEnclosingMethod done
Event: 1.309 Thread 0x0000000017001000 Thread added: 0x0000000017001000
Event: 1.345 Thread 0x0000000017003800 Thread added: 0x0000000017003800
Event: 1.349 Thread 0x0000000017006800 Thread added: 0x0000000017006800
Event: 1.329 loading class java/util/concurrent/locks/LockSupport


Dynamic libraries:
0x00007ff6cb940000 - 0x00007ff6cb977000 	C:\Program Files\Java\jdk1.8.0_45\bin\java.exe
0x00007ffa505c0000 - 0x00007ffa50781000 	C:\WINDOWS\SYSTEM32\ntdll.dll
0x00007ffa4ef00000 - 0x00007ffa4efad000 	C:\WINDOWS\system32\KERNEL32.DLL
0x00007ffa4ce40000 - 0x00007ffa4d028000 	C:\WINDOWS\system32\KERNELBASE.dll
0x00007ffa4e860000 - 0x00007ffa4e907000 	C:\WINDOWS\system32\ADVAPI32.dll
0x00007ffa4ee60000 - 0x00007ffa4eefd000 	C:\WINDOWS\system32\msvcrt.dll
0x00007ffa4e7f0000 - 0x00007ffa4e84b000 	C:\WINDOWS\system32\sechost.dll
0x00007ffa4e910000 - 0x00007ffa4ea2c000 	C:\WINDOWS\system32\RPCRT4.dll
0x00007ffa4d9d0000 - 0x00007ffa4db26000 	C:\WINDOWS\system32\USER32.dll
0x00007ffa4dce0000 - 0x00007ffa4de66000 	C:\WINDOWS\system32\GDI32.dll
0x00007ffa462a0000 - 0x00007ffa46514000 	C:\WINDOWS\WinSxS\amd64_microsoft.windows.common-controls_6595b64144ccf1df_6.0.10586.0_none_8c15ae12515e1c22\COMCTL32.dll
0x00007ffa4eae0000 - 0x00007ffa4ed5d000 	C:\WINDOWS\system32\combase.dll
0x00007ffa4d950000 - 0x00007ffa4d9ba000 	C:\WINDOWS\system32\bcryptPrimitives.dll
0x00007ffa50510000 - 0x00007ffa5054b000 	C:\WINDOWS\system32\IMM32.DLL
0x0000000064f30000 - 0x0000000065002000 	C:\Program Files\Java\jdk1.8.0_45\jre\bin\msvcr100.dll
0x0000000065ad0000 - 0x0000000066353000 	C:\Program Files\Java\jdk1.8.0_45\jre\bin\server\jvm.dll
0x00007ffa4ee50000 - 0x00007ffa4ee58000 	C:\WINDOWS\system32\PSAPI.DLL
0x00007ffa3e540000 - 0x00007ffa3e549000 	C:\WINDOWS\SYSTEM32\WSOCK32.dll
0x00007ffa4e620000 - 0x00007ffa4e68b000 	C:\WINDOWS\system32\WS2_32.dll
0x00007ffa4ac40000 - 0x00007ffa4ac63000 	C:\WINDOWS\SYSTEM32\WINMM.dll
0x00007ffa470a0000 - 0x00007ffa470aa000 	C:\WINDOWS\SYSTEM32\VERSION.dll
0x00007ffa4abe0000 - 0x00007ffa4ac0c000 	C:\WINDOWS\SYSTEM32\WINMMBASE.dll
0x00007ffa4d030000 - 0x00007ffa4d073000 	C:\WINDOWS\system32\cfgmgr32.dll
0x0000000065ac0000 - 0x0000000065acf000 	C:\Program Files\Java\jdk1.8.0_45\jre\bin\verify.dll
0x0000000065a90000 - 0x0000000065ab9000 	C:\Program Files\Java\jdk1.8.0_45\jre\bin\java.dll
0x0000000065a70000 - 0x0000000065a86000 	C:\Program Files\Java\jdk1.8.0_45\jre\bin\zip.dll
0x00007ffa4efb0000 - 0x00007ffa5050c000 	C:\WINDOWS\system32\SHELL32.dll
0x00007ffa4d0a0000 - 0x00007ffa4d6e5000 	C:\WINDOWS\system32\windows.storage.dll
0x00007ffa4e5c0000 - 0x00007ffa4e612000 	C:\WINDOWS\system32\shlwapi.dll
0x00007ffa4cc60000 - 0x00007ffa4cc6f000 	C:\WINDOWS\system32\kernel.appcore.dll
0x00007ffa4d780000 - 0x00007ffa4d835000 	C:\WINDOWS\system32\shcore.dll
0x00007ffa4cc10000 - 0x00007ffa4cc5b000 	C:\WINDOWS\system32\powrprof.dll
0x00007ffa4cbe0000 - 0x00007ffa4cbf4000 	C:\WINDOWS\system32\profapi.dll

VM Arguments:
jvm_args: -Djava.awt.headless=true -Xmx1024M -Dfile.encoding=windows-1252 -Duser.country=US -Duser.language=en -Duser.variant 
java_command: com.android.dx.command.Main --dex --force-jumbo --num-threads=4 --multi-dex --output E:\DevLife\MemoryLayersProject\Android\code\codev2\MemoryLayers\app\build\intermediates\transforms\dex\debug\folders\1000\10\okio-1.6.0_b35f5c1ff0a4f027caa5d096954152622a000f94 C:\Users\ahmed.marzouk\.gradle\caches\modules-2\files-2.1\com.squareup.okio\okio\1.6.0\98476622f10715998eacf9240d6b479f12c66143\okio-1.6.0.jar
java_class_path (initial): C:\Users\ahmed.marzouk\AppData\Local\Android\sdk\build-tools\23.0.3\lib\dx.jar
Launcher Type: SUN_STANDARD

Environment Variables:
JAVA_HOME=C:\PROGRA~1\Java\JDK18~1.0_4
USERNAME=ahmed.marzouk
OS=Windows_NT
PROCESSOR_IDENTIFIER=Intel64 Family 6 Model 60 Stepping 3, GenuineIntel



---------------  S Y S T E M  ---------------

OS: Windows 10.0 , 64 bit Build 10586 (10.0.10586.0)

CPU:total 8 (4 cores per cpu, 2 threads per core) family 6 model 60 stepping 3, cmov, cx8, fxsr, mmx, sse, sse2, sse3, ssse3, sse4.1, sse4.2, popcnt, avx, avx2, aes, clmul, erms, lzcnt, ht, tsc, tscinvbit, bmi1, bmi2

Memory: 4k page, physical 8298776k(785992k free), swap 12994840k(784k free)

vm_info: Java HotSpot(TM) 64-Bit Server VM (25.45-b02) for windows-amd64 JRE (1.8.0_45-b15), built on Apr 30 2015 12:40:44 by "java_re" with MS VC++ 10.0 (VS2010)

time: Sat Apr 16 07:20:56 2016
elapsed time: 1 seconds (0d 0h 0m 1s)

