#
# There is insufficient memory for the Java Runtime Environment to continue.
# Native memory allocation (malloc) failed to allocate 1881136 bytes for Chunk::new
# Possible reasons:
#   The system is out of physical RAM or swap space
#   In 32 bit mode, the process size limit was hit
# Possible solutions:
#   Reduce memory load on the system
#   Increase physical memory or swap space
#   Check if swap backing store is full
#   Use 64 bit Java on a 64 bit OS
#   Decrease Java heap size (-Xmx/-Xms)
#   Decrease number of Java threads
#   Decrease Java thread stack sizes (-Xss)
#   Set larger code cache with -XX:ReservedCodeCacheSize=
# This output file may be truncated or incomplete.
#
#  Out of Memory Error (allocation.cpp:390), pid=37920, tid=43452
#
# JRE version: Java(TM) SE Runtime Environment (8.0_45-b15) (build 1.8.0_45-b15)
# Java VM: Java HotSpot(TM) 64-Bit Server VM (25.45-b02 mixed mode windows-amd64 compressed oops)
# Failed to write core dump. Minidumps are not enabled by default on client versions of Windows
#

---------------  T H R E A D  ---------------

Current thread (0x0000000016f73000):  JavaThread "C2 CompilerThread2" daemon [_thread_in_native, id=43452, stack(0x0000000017740000,0x0000000017840000)]

Stack: [0x0000000017740000,0x0000000017840000]
Native frames: (J=compiled Java code, j=interpreted, Vv=VM code, C=native code)
V  [jvm.dll+0x32b57a]


Current CompileTask:
C2:   9818 2195   !   4       com.android.dx.cf.code.Ropper::processBlock (1101 bytes)


---------------  P R O C E S S  ---------------

Java Threads: ( => current thread )
  0x000000001731b800 JavaThread "pool-1-thread-1" [_thread_in_Java, id=40860, stack(0x000000001a7e0000,0x000000001a8e0000)]
  0x0000000017010800 JavaThread "Service Thread" daemon [_thread_blocked, id=43308, stack(0x0000000017940000,0x0000000017a40000)]
  0x0000000016f81000 JavaThread "C1 CompilerThread3" daemon [_thread_blocked, id=43336, stack(0x0000000017840000,0x0000000017940000)]
=>0x0000000016f73000 JavaThread "C2 CompilerThread2" daemon [_thread_in_native, id=43452, stack(0x0000000017740000,0x0000000017840000)]
  0x0000000016f71000 JavaThread "C2 CompilerThread1" daemon [_thread_in_native, id=43420, stack(0x0000000017640000,0x0000000017740000)]
  0x0000000016f69000 JavaThread "C2 CompilerThread0" daemon [_thread_in_native, id=43408, stack(0x0000000017540000,0x0000000017640000)]
  0x0000000016f67000 JavaThread "Attach Listener" daemon [_thread_blocked, id=43348, stack(0x0000000017440000,0x0000000017540000)]
  0x0000000016f65800 JavaThread "Signal Dispatcher" daemon [_thread_blocked, id=35856, stack(0x0000000017340000,0x0000000017440000)]
  0x000000000241a800 JavaThread "Finalizer" daemon [_thread_blocked, id=41224, stack(0x0000000016e40000,0x0000000016f40000)]
  0x0000000002414000 JavaThread "Reference Handler" daemon [_thread_blocked, id=42076, stack(0x0000000016d40000,0x0000000016e40000)]
  0x0000000002322800 JavaThread "main" [_thread_blocked, id=42320, stack(0x00000000021d0000,0x00000000022d0000)]

Other Threads:
  0x0000000014f39000 VMThread [stack: 0x0000000016c40000,0x0000000016d40000] [id=37836]
  0x0000000017011000 WatcherThread [stack: 0x0000000017a40000,0x0000000017b40000] [id=43260]

VM state:not at safepoint (normal execution)

VM Mutex/Monitor currently owned by a thread: None

Heap:
 PSYoungGen      total 71680K, used 44474K [0x00000000eab00000, 0x00000000ef600000, 0x0000000100000000)
  eden space 66560K, 59% used [0x00000000eab00000,0x00000000ed1730a0,0x00000000eec00000)
  from space 5120K, 99% used [0x00000000eec00000,0x00000000ef0fb7c8,0x00000000ef100000)
  to   space 5120K, 0% used [0x00000000ef100000,0x00000000ef100000,0x00000000ef600000)
 ParOldGen       total 87552K, used 16933K [0x00000000c0000000, 0x00000000c5580000, 0x00000000eab00000)
  object space 87552K, 19% used [0x00000000c0000000,0x00000000c10896d8,0x00000000c5580000)
 Metaspace       used 6519K, capacity 7256K, committed 7424K, reserved 1056768K
  class space    used 621K, capacity 656K, committed 768K, reserved 1048576K

Card table byte_map: [0x00000000117e0000,0x00000000119f0000] byte_map_base: 0x00000000111e0000

Marking Bits: (ParMarkBitMap*) 0x00000000662d4040
 Begin Bits: [0x0000000012350000, 0x0000000013350000)
 End Bits:   [0x0000000013350000, 0x0000000014350000)

Polling page: 0x00000000004f0000

CodeCache: size=245760Kb used=10325Kb max_used=10325Kb free=235434Kb
 bounds [0x0000000002420000, 0x0000000002e40000, 0x0000000011420000]
 total_blobs=2487 nmethods=2217 adapters=182
 compilation: enabled

Compilation events (10 events):
Event: 9.083 Thread 0x0000000016f81000 nmethod 2198 0x0000000002de54d0 code [0x0000000002de5680, 0x0000000002de5d18]
Event: 9.150 Thread 0x0000000016f81000 2200       3       com.android.dx.ssa.back.SsaToRop::removePhiFunctions (83 bytes)
Event: 9.152 Thread 0x0000000016f81000 nmethod 2200 0x0000000002debf10 code [0x0000000002dec1e0, 0x0000000002ded508]
Event: 9.196 Thread 0x0000000016f71000 nmethod 2159 0x0000000002dfb6d0 code [0x0000000002dfbca0, 0x0000000002e007f8]
Event: 9.196 Thread 0x0000000016f71000 2199       4       com.android.dx.ssa.LocalVariableExtractor::processBlock (383 bytes)
Event: 9.268 Thread 0x0000000016f71000 nmethod 2199 0x0000000002e094d0 code [0x0000000002e09780, 0x0000000002e0b700]
Event: 9.268 Thread 0x0000000016f71000 2192       4       com.android.dx.cf.code.ByteCatchList::toTargetList (114 bytes)
Event: 9.290 Thread 0x0000000016f71000 nmethod 2192 0x0000000002df68d0 code [0x0000000002df6a80, 0x0000000002df7658]
Event: 9.366 Thread 0x0000000016f81000 2201       3       java.util.concurrent.locks.AbstractQueuedSynchronizer::setState (6 bytes)
Event: 9.366 Thread 0x0000000016f81000 nmethod 2201 0x0000000002dc1850 code [0x0000000002dc19a0, 0x0000000002dc1af0]

GC Heap History (6 events):
Event: 1.470 GC heap before
{Heap before GC invocations=1 (full 0):
 PSYoungGen      total 38400K, used 33280K [0x00000000eab00000, 0x00000000ed580000, 0x0000000100000000)
  eden space 33280K, 100% used [0x00000000eab00000,0x00000000ecb80000,0x00000000ecb80000)
  from space 5120K, 0% used [0x00000000ed080000,0x00000000ed080000,0x00000000ed580000)
  to   space 5120K, 0% used [0x00000000ecb80000,0x00000000ecb80000,0x00000000ed080000)
 ParOldGen       total 87552K, used 0K [0x00000000c0000000, 0x00000000c5580000, 0x00000000eab00000)
  object space 87552K, 0% used [0x00000000c0000000,0x00000000c0000000,0x00000000c5580000)
 Metaspace       used 5906K, capacity 6808K, committed 7168K, reserved 1056768K
  class space    used 607K, capacity 656K, committed 768K, reserved 1048576K
Event: 1.887 GC heap after
Heap after GC invocations=1 (full 0):
 PSYoungGen      total 38400K, used 5109K [0x00000000eab00000, 0x00000000ef600000, 0x0000000100000000)
  eden space 33280K, 0% used [0x00000000eab00000,0x00000000eab00000,0x00000000ecb80000)
  from space 5120K, 99% used [0x00000000ecb80000,0x00000000ed07d4b0,0x00000000ed080000)
  to   space 5120K, 0% used [0x00000000ef100000,0x00000000ef100000,0x00000000ef600000)
 ParOldGen       total 87552K, used 953K [0x00000000c0000000, 0x00000000c5580000, 0x00000000eab00000)
  object space 87552K, 1% used [0x00000000c0000000,0x00000000c00ee6c0,0x00000000c5580000)
 Metaspace       used 5906K, capacity 6808K, committed 7168K, reserved 1056768K
  class space    used 607K, capacity 656K, committed 768K, reserved 1048576K
}
Event: 2.185 GC heap before
{Heap before GC invocations=2 (full 0):
 PSYoungGen      total 38400K, used 38389K [0x00000000eab00000, 0x00000000ef600000, 0x0000000100000000)
  eden space 33280K, 100% used [0x00000000eab00000,0x00000000ecb80000,0x00000000ecb80000)
  from space 5120K, 99% used [0x00000000ecb80000,0x00000000ed07d4b0,0x00000000ed080000)
  to   space 5120K, 0% used [0x00000000ef100000,0x00000000ef100000,0x00000000ef600000)
 ParOldGen       total 87552K, used 953K [0x00000000c0000000, 0x00000000c5580000, 0x00000000eab00000)
  object space 87552K, 1% used [0x00000000c0000000,0x00000000c00ee6c0,0x00000000c5580000)
 Metaspace       used 6152K, capacity 7064K, committed 7424K, reserved 1056768K
  class space    used 613K, capacity 656K, committed 768K, reserved 1048576K
Event: 2.421 GC heap after
Heap after GC invocations=2 (full 0):
 PSYoungGen      total 71680K, used 5094K [0x00000000eab00000, 0x00000000ef600000, 0x0000000100000000)
  eden space 66560K, 0% used [0x00000000eab00000,0x00000000eab00000,0x00000000eec00000)
  from space 5120K, 99% used [0x00000000ef100000,0x00000000ef5f9880,0x00000000ef600000)
  to   space 5120K, 0% used [0x00000000eec00000,0x00000000eec00000,0x00000000ef100000)
 ParOldGen       total 87552K, used 5631K [0x00000000c0000000, 0x00000000c5580000, 0x00000000eab00000)
  object space 87552K, 6% used [0x00000000c0000000,0x00000000c057fcd0,0x00000000c5580000)
 Metaspace       used 6152K, capacity 7064K, committed 7424K, reserved 1056768K
  class space    used 613K, capacity 656K, committed 768K, reserved 1048576K
}
Event: 7.964 GC heap before
{Heap before GC invocations=3 (full 0):
 PSYoungGen      total 71680K, used 71654K [0x00000000eab00000, 0x00000000ef600000, 0x0000000100000000)
  eden space 66560K, 100% used [0x00000000eab00000,0x00000000eec00000,0x00000000eec00000)
  from space 5120K, 99% used [0x00000000ef100000,0x00000000ef5f9880,0x00000000ef600000)
  to   space 5120K, 0% used [0x00000000eec00000,0x00000000eec00000,0x00000000ef100000)
 ParOldGen       total 87552K, used 5631K [0x00000000c0000000, 0x00000000c5580000, 0x00000000eab00000)
  object space 87552K, 6% used [0x00000000c0000000,0x00000000c057fcd0,0x00000000c5580000)
 Metaspace       used 6390K, capacity 7192K, committed 7424K, reserved 1056768K
  class space    used 614K, capacity 656K, committed 768K, reserved 1048576K
Event: 8.128 GC heap after
Heap after GC invocations=3 (full 0):
 PSYoungGen      total 71680K, used 5101K [0x00000000eab00000, 0x00000000ef600000, 0x0000000100000000)
  eden space 66560K, 0% used [0x00000000eab00000,0x00000000eab00000,0x00000000eec00000)
  from space 5120K, 99% used [0x00000000eec00000,0x00000000ef0fb7c8,0x00000000ef100000)
  to   space 5120K, 0% used [0x00000000ef100000,0x00000000ef100000,0x00000000ef600000)
 ParOldGen       total 87552K, used 16933K [0x00000000c0000000, 0x00000000c5580000, 0x00000000eab00000)
  object space 87552K, 19% used [0x00000000c0000000,0x00000000c10896d8,0x00000000c5580000)
 Metaspace       used 6390K, capacity 7192K, committed 7424K, reserved 1056768K
  class space    used 614K, capacity 656K, committed 768K, reserved 1048576K
}

Deoptimization events (10 events):
Event: 9.053 Thread 0x0000000017323000 Uncommon trap: reason=class_check action=maybe_recompile pc=0x0000000002b78d08 method=com.android.dx.cf.code.RopperMachine.run(Lcom/android/dx/cf/code/Frame;II)V @ 310
Event: 9.055 Thread 0x0000000017323000 Uncommon trap: reason=class_check action=maybe_recompile pc=0x0000000002d02c58 method=com.android.dx.ssa.SCCP.replaceConstants()V @ 127
Event: 9.055 Thread 0x0000000017323000 Uncommon trap: reason=bimorphic action=maybe_recompile pc=0x0000000002b57b8c method=com.android.dx.ssa.LiteralOpUpgrader.tryReplacingWithConstant(Lcom/android/dx/ssa/NormalSsaInsn;)Z @ 62
Event: 9.055 Thread 0x0000000017323000 Uncommon trap: reason=unstable_if action=reinterpret pc=0x0000000002745ddc method=com.android.dx.ssa.SsaMethod.updateOneDefinition(Lcom/android/dx/ssa/SsaInsn;Lcom/android/dx/rop/code/RegisterSpec;)V @ 4
Event: 9.056 Thread 0x0000000017323000 Uncommon trap: reason=bimorphic action=maybe_recompile pc=0x0000000002ae729c method=com.android.dx.cf.code.BytecodeArray.parseInstruction(ILcom/android/dx/cf/code/BytecodeArray$Visitor;)I @ 1525
Event: 9.057 Thread 0x0000000017323000 Uncommon trap: reason=bimorphic action=maybe_recompile pc=0x0000000002ae729c method=com.android.dx.cf.code.BytecodeArray.parseInstruction(ILcom/android/dx/cf/code/BytecodeArray$Visitor;)I @ 1525
Event: 9.062 Thread 0x000000001727a000 Uncommon trap: reason=unstable_if action=reinterpret pc=0x0000000002c76584 method=com.android.dx.ssa.SsaRenamer$BlockRenamer.visitMoveInsn(Lcom/android/dx/ssa/NormalSsaInsn;)V @ 94
Event: 9.062 Thread 0x000000001727a000 Uncommon trap: reason=unstable_if action=reinterpret pc=0x00000000028ef620 method=com.android.dx.ssa.SCCP.simulateStmt(Lcom/android/dx/ssa/SsaInsn;)V @ 59
Event: 9.149 Thread 0x000000001727a000 Uncommon trap: reason=unstable_if action=reinterpret pc=0x0000000002c6b0f8 method=com.android.dx.ssa.SsaBasicBlock.scheduleMovesFromPhis()V @ 63
Event: 9.149 Thread 0x000000001727a000 Uncommon trap: reason=unstable_if action=reinterpret pc=0x00000000029dc7f4 method=com.android.dx.ssa.SsaBasicBlock.scheduleMovesFromPhis()V @ 63

Internal exceptions (8 events):
Event: 0.102 Thread 0x0000000002322800 Exception <a 'java/lang/NoSuchMethodError': Method sun.misc.Unsafe.defineClass(Ljava/lang/String;[BII)Ljava/lang/Class; name or signature does not match> (0x00000000eab0e2e8) thrown at [C:\re\workspace\8-2-build-windows-amd64-cygwin\jdk8u45\3627\hotspot\sr¨«oåe	º?
Event: 0.102 Thread 0x0000000002322800 Exception <a 'java/lang/NoSuchMethodError': Method sun.misc.Unsafe.prefetchRead(Ljava/lang/Object;J)V name or signature does not match> (0x00000000eab0e578) thrown at [C:\re\workspace\8-2-build-windows-amd64-cygwin\jdk8u45\3627\hotspot\src\share\vm\prims\jöåk?hvô?
Event: 1.279 Thread 0x0000000017b57800 Exception <a 'java/lang/ArrayIndexOutOfBoundsException': 18> (0x00000000ec3c4f28) thrown at [C:\re\workspace\8-2-build-windows-amd64-cygwin\jdk8u45\3627\hotspot\src\share\vm\interpreter\interpreterRuntime.cpp, line 366]
Event: 1.279 Thread 0x0000000017b57800 Exception <a 'java/lang/ArrayIndexOutOfBoundsException': 145> (0x00000000ec3c69f8) thrown at [C:\re\workspace\8-2-build-windows-amd64-cygwin\jdk8u45\3627\hotspot\src\share\vm\interpreter\interpreterRuntime.cpp, line 366]
Event: 1.280 Thread 0x0000000017b57800 Exception <a 'java/lang/ArrayIndexOutOfBoundsException': 40> (0x00000000ec3c7c30) thrown at [C:\re\workspace\8-2-build-windows-amd64-cygwin\jdk8u45\3627\hotspot\src\share\vm\interpreter\interpreterRuntime.cpp, line 366]
Event: 2.017 Thread 0x000000001727a000 Implicit null exception at 0x00000000027f3062 to 0x00000000027f3155
Event: 6.467 Thread 0x0000000017323000 Implicit null exception at 0x0000000002be6f5c to 0x0000000002beb671
Event: 9.062 Thread 0x000000001727a000 Implicit null exception at 0x0000000002c74d93 to 0x0000000002c7653d

Events (10 events):
Event: 9.149 Thread 0x000000001727a000 Uncommon trap: trap_request=0xffffff65 fr.pc=0x00000000029dc7f4
Event: 9.149 Thread 0x000000001727a000 DEOPT PACKING pc=0x00000000029dc7f4 sp=0x000000001873e6c0
Event: 9.149 Thread 0x000000001727a000 DEOPT UNPACKING pc=0x000000000246582a sp=0x000000001873e650 mode 2
Event: 9.150 Thread 0x000000001727a000 Thread exited: 0x000000001727a000
Event: 9.151 Thread 0x0000000017b57800 Thread exited: 0x0000000017b57800
Event: 9.264 Thread 0x0000000017279000 Thread exited: 0x0000000017279000
Event: 9.272 Thread 0x000000001731b800 Thread exited: 0x000000001731b800
Event: 9.365 loading class com/android/dx/command/dexer/Main$DexWriter
Event: 9.365 loading class com/android/dx/command/dexer/Main$DexWriter done
Event: 9.366 Thread 0x000000001731b800 Thread added: 0x000000001731b800


Dynamic libraries:
0x00007ff6cb940000 - 0x00007ff6cb977000 	C:\Program Files\Java\jdk1.8.0_45\bin\java.exe
0x00007ffa505c0000 - 0x00007ffa50781000 	C:\WINDOWS\SYSTEM32\ntdll.dll
0x00007ffa4ef00000 - 0x00007ffa4efad000 	C:\WINDOWS\system32\KERNEL32.DLL
0x00007ffa4ce40000 - 0x00007ffa4d028000 	C:\WINDOWS\system32\KERNELBASE.dll
0x00007ffa4e860000 - 0x00007ffa4e907000 	C:\WINDOWS\system32\ADVAPI32.dll
0x00007ffa4ee60000 - 0x00007ffa4eefd000 	C:\WINDOWS\system32\msvcrt.dll
0x00007ffa4e7f0000 - 0x00007ffa4e84b000 	C:\WINDOWS\system32\sechost.dll
0x00007ffa4e910000 - 0x00007ffa4ea2c000 	C:\WINDOWS\system32\RPCRT4.dll
0x00007ffa4d9d0000 - 0x00007ffa4db26000 	C:\WINDOWS\system32\USER32.dll
0x00007ffa4dce0000 - 0x00007ffa4de66000 	C:\WINDOWS\system32\GDI32.dll
0x00007ffa462a0000 - 0x00007ffa46514000 	C:\WINDOWS\WinSxS\amd64_microsoft.windows.common-controls_6595b64144ccf1df_6.0.10586.0_none_8c15ae12515e1c22\COMCTL32.dll
0x00007ffa4eae0000 - 0x00007ffa4ed5d000 	C:\WINDOWS\system32\combase.dll
0x00007ffa4d950000 - 0x00007ffa4d9ba000 	C:\WINDOWS\system32\bcryptPrimitives.dll
0x00007ffa50510000 - 0x00007ffa5054b000 	C:\WINDOWS\system32\IMM32.DLL
0x0000000064f30000 - 0x0000000065002000 	C:\Program Files\Java\jdk1.8.0_45\jre\bin\msvcr100.dll
0x0000000065ad0000 - 0x0000000066353000 	C:\Program Files\Java\jdk1.8.0_45\jre\bin\server\jvm.dll
0x00007ffa4ee50000 - 0x00007ffa4ee58000 	C:\WINDOWS\system32\PSAPI.DLL
0x00007ffa470a0000 - 0x00007ffa470aa000 	C:\WINDOWS\SYSTEM32\VERSION.dll
0x00007ffa4ac40000 - 0x00007ffa4ac63000 	C:\WINDOWS\SYSTEM32\WINMM.dll
0x00007ffa3e540000 - 0x00007ffa3e549000 	C:\WINDOWS\SYSTEM32\WSOCK32.dll
0x00007ffa4e620000 - 0x00007ffa4e68b000 	C:\WINDOWS\system32\WS2_32.dll
0x00007ffa4abe0000 - 0x00007ffa4ac0c000 	C:\WINDOWS\SYSTEM32\WINMMBASE.dll
0x00007ffa4d030000 - 0x00007ffa4d073000 	C:\WINDOWS\system32\cfgmgr32.dll
0x0000000065ac0000 - 0x0000000065acf000 	C:\Program Files\Java\jdk1.8.0_45\jre\bin\verify.dll
0x0000000065a90000 - 0x0000000065ab9000 	C:\Program Files\Java\jdk1.8.0_45\jre\bin\java.dll
0x0000000065a70000 - 0x0000000065a86000 	C:\Program Files\Java\jdk1.8.0_45\jre\bin\zip.dll
0x00007ffa4efb0000 - 0x00007ffa5050c000 	C:\WINDOWS\system32\SHELL32.dll
0x00007ffa4d0a0000 - 0x00007ffa4d6e5000 	C:\WINDOWS\system32\windows.storage.dll
0x00007ffa4e5c0000 - 0x00007ffa4e612000 	C:\WINDOWS\system32\shlwapi.dll
0x00007ffa4cc60000 - 0x00007ffa4cc6f000 	C:\WINDOWS\system32\kernel.appcore.dll
0x00007ffa4d780000 - 0x00007ffa4d835000 	C:\WINDOWS\system32\shcore.dll
0x00007ffa4cc10000 - 0x00007ffa4cc5b000 	C:\WINDOWS\system32\powrprof.dll
0x00007ffa4cbe0000 - 0x00007ffa4cbf4000 	C:\WINDOWS\system32\profapi.dll
0x00007ffa24ae0000 - 0x00007ffa24c6c000 	C:\WINDOWS\SYSTEM32\dbghelp.dll

VM Arguments:
jvm_args: -Djava.awt.headless=true -Xmx1024M -Dfile.encoding=windows-1252 -Duser.country=US -Duser.language=en -Duser.variant 
java_command: com.android.dx.command.Main --dex --force-jumbo --num-threads=4 --multi-dex --output E:\DevLife\MemoryLayersProject\Android\code\codev2\MemoryLayers\app\build\intermediates\transforms\dex\debug\folders\1000\10\stetho-1.3.1_929979a574d62f2214dc6195ec6048263562c4d9 C:\Users\ahmed.marzouk\.gradle\caches\modules-2\files-2.1\com.facebook.stetho\stetho\1.3.1\2c4076b466a0eb4d6ddf5721edd35cd1adc1f317\stetho-1.3.1.jar
java_class_path (initial): C:\Users\ahmed.marzouk\AppData\Local\Android\sdk\build-tools\23.0.3\lib\dx.jar
Launcher Type: SUN_STANDARD

Environment Variables:
JAVA_HOME=C:\PROGRA~1\Java\JDK18~1.0_4
USERNAME=ahmed.marzouk
OS=Windows_NT
PROCESSOR_IDENTIFIER=Intel64 Family 6 Model 60 Stepping 3, GenuineIntel



---------------  S Y S T E M  ---------------

OS: Windows 10.0 , 64 bit Build 10586 (10.0.10586.0)

CPU:total 8 (4 cores per cpu, 2 threads per core) family 6 model 60 stepping 3, cmov, cx8, fxsr, mmx, sse, sse2, sse3, ssse3, sse4.1, sse4.2, popcnt, avx, avx2, aes, clmul, erms, lzcnt, ht, tsc, tscinvbit, bmi1, bmi2

Memory: 4k page, physical 8298776k(596500k free), swap 12994840k(10988k free)

vm_info: Java HotSpot(TM) 64-Bit Server VM (25.45-b02) for windows-amd64 JRE (1.8.0_45-b15), built on Apr 30 2015 12:40:44 by "java_re" with MS VC++ 10.0 (VS2010)

time: Sat Apr 16 14:22:34 2016
elapsed time: 9 seconds (0d 0h 0m 9s)

