#
# There is insufficient memory for the Java Runtime Environment to continue.
# Native memory allocation (malloc) failed to allocate 32744 bytes for ChunkPool::allocate
# Possible reasons:
#   The system is out of physical RAM or swap space
#   In 32 bit mode, the process size limit was hit
# Possible solutions:
#   Reduce memory load on the system
#   Increase physical memory or swap space
#   Check if swap backing store is full
#   Use 64 bit Java on a 64 bit OS
#   Decrease Java heap size (-Xmx/-Xms)
#   Decrease number of Java threads
#   Decrease Java thread stack sizes (-Xss)
#   Set larger code cache with -XX:ReservedCodeCacheSize=
# This output file may be truncated or incomplete.
#
#  Out of Memory Error (allocation.cpp:273), pid=37616, tid=13304
#
# JRE version: Java(TM) SE Runtime Environment (8.0_45-b15) (build 1.8.0_45-b15)
# Java VM: Java HotSpot(TM) 64-Bit Server VM (25.45-b02 mixed mode windows-amd64 compressed oops)
# Failed to write core dump. Minidumps are not enabled by default on client versions of Windows
#

---------------  T H R E A D  ---------------

Current thread (0x000000001735a000):  JavaThread "C2 CompilerThread0" daemon [_thread_in_native, id=13304, stack(0x0000000017930000,0x0000000017a30000)]

Stack: [0x0000000017930000,0x0000000017a30000]
Native frames: (J=compiled Java code, j=interpreted, Vv=VM code, C=native code)
V  [jvm.dll+0x32b57a]
V  [jvm.dll+0x279873]
V  [jvm.dll+0x27a509]
V  [jvm.dll+0x271825]
V  [jvm.dll+0xcb804]
V  [jvm.dll+0xcba27]
V  [jvm.dll+0xcbeac]
V  [jvm.dll+0x494b3]
V  [jvm.dll+0x4a769]
V  [jvm.dll+0x4adb0]
V  [jvm.dll+0x4bd52]
V  [jvm.dll+0x4ca3e]
V  [jvm.dll+0x4d87c]
V  [jvm.dll+0x4dc8b]
V  [jvm.dll+0x4ddae]
V  [jvm.dll+0x37a6e]
V  [jvm.dll+0x44edbe]
V  [jvm.dll+0x44fc52]
V  [jvm.dll+0x47426c]
V  [jvm.dll+0x475cae]
V  [jvm.dll+0x4fd2f5]
V  [jvm.dll+0x4f5f17]
V  [jvm.dll+0x4f6299]
V  [jvm.dll+0x4f682f]
V  [jvm.dll+0x450ff0]
V  [jvm.dll+0x4516ed]
V  [jvm.dll+0x475d31]
V  [jvm.dll+0x4fd2f5]
V  [jvm.dll+0x4f5f17]
V  [jvm.dll+0x4f6299]
V  [jvm.dll+0x4f682f]
V  [jvm.dll+0x450ff0]
V  [jvm.dll+0x4516ed]
V  [jvm.dll+0x475d31]
V  [jvm.dll+0x4fd2f5]
V  [jvm.dll+0x4f5f17]
V  [jvm.dll+0x4f6299]
V  [jvm.dll+0x4f682f]
V  [jvm.dll+0x450ff0]
V  [jvm.dll+0x46cac5]
V  [jvm.dll+0x4500f2]
V  [jvm.dll+0xa4352]
V  [jvm.dll+0xa4c8f]
V  [jvm.dll+0x241984]
V  [jvm.dll+0x29853a]
C  [msvcr100.dll+0x21d9f]
C  [msvcr100.dll+0x21e3b]
C  [KERNEL32.DLL+0x18102]
C  [ntdll.dll+0x5c5b4]


Current CompileTask:
C2:   2466  708       4       com.android.dx.ssa.SsaBasicBlock::forEachInsn (37 bytes)


---------------  P R O C E S S  ---------------

Java Threads: ( => current thread )
  0x000000001761a800 JavaThread "pool-2-thread-4" [_thread_in_vm, id=40776, stack(0x0000000018330000,0x0000000018430000)]
  0x0000000017612800 JavaThread "pool-2-thread-3" [_thread_blocked, id=40564, stack(0x0000000018230000,0x0000000018330000)]
  0x0000000017525800 JavaThread "pool-2-thread-2" [_thread_blocked, id=32732, stack(0x0000000018130000,0x0000000018230000)]
  0x0000000017522800 JavaThread "pool-3-thread-1" [_thread_blocked, id=37288, stack(0x0000000018030000,0x0000000018130000)]
  0x000000001751f800 JavaThread "pool-2-thread-1" [_thread_blocked, id=26440, stack(0x0000000017f30000,0x0000000018030000)]
  0x00000000173d6000 JavaThread "Service Thread" daemon [_thread_blocked, id=25256, stack(0x0000000017d30000,0x0000000017e30000)]
  0x000000001736a000 JavaThread "C1 CompilerThread3" daemon [_thread_in_native, id=35100, stack(0x0000000017c30000,0x0000000017d30000)]
  0x0000000017365000 JavaThread "C2 CompilerThread2" daemon [_thread_in_native, id=36396, stack(0x0000000017b30000,0x0000000017c30000)]
  0x0000000017361000 JavaThread "C2 CompilerThread1" daemon [_thread_in_native, id=34516, stack(0x0000000017a30000,0x0000000017b30000)]
=>0x000000001735a000 JavaThread "C2 CompilerThread0" daemon [_thread_in_native, id=13304, stack(0x0000000017930000,0x0000000017a30000)]
  0x0000000017357000 JavaThread "Attach Listener" daemon [_thread_blocked, id=39272, stack(0x0000000017830000,0x0000000017930000)]
  0x0000000014f5e800 JavaThread "Signal Dispatcher" daemon [_thread_blocked, id=39732, stack(0x0000000017730000,0x0000000017830000)]
  0x0000000002425000 JavaThread "Finalizer" daemon [_thread_blocked, id=2772, stack(0x0000000017230000,0x0000000017330000)]
  0x0000000002424000 JavaThread "Reference Handler" daemon [_thread_blocked, id=16648, stack(0x0000000017130000,0x0000000017230000)]
  0x0000000002332800 JavaThread "main" [_thread_blocked, id=12196, stack(0x0000000002230000,0x0000000002330000)]

Other Threads:
  0x0000000014f49800 VMThread [stack: 0x0000000017030000,0x0000000017130000] [id=34108]
  0x00000000173d7000 WatcherThread [stack: 0x0000000017e30000,0x0000000017f30000] [id=17528]

VM state:not at safepoint (normal execution)

VM Mutex/Monitor currently owned by a thread:  ([mutex/lock_event])
[0x0000000002330dd0] MethodData_lock - owner thread: 0x000000001761a800

Heap:
 PSYoungGen      total 38400K, used 16678K [0x00000000eab00000, 0x00000000ed580000, 0x0000000100000000)
  eden space 33280K, 50% used [0x00000000eab00000,0x00000000ebb49828,0x00000000ecb80000)
  from space 5120K, 0% used [0x00000000ed080000,0x00000000ed080000,0x00000000ed580000)
  to   space 5120K, 0% used [0x00000000ecb80000,0x00000000ecb80000,0x00000000ed080000)
 ParOldGen       total 87552K, used 0K [0x00000000c0000000, 0x00000000c5580000, 0x00000000eab00000)
  object space 87552K, 0% used [0x00000000c0000000,0x00000000c0000000,0x00000000c5580000)
 Metaspace       used 5692K, capacity 5748K, committed 6016K, reserved 1062912K
  class space    used 590K, capacity 616K, committed 640K, reserved 1048576K

Card table byte_map: [0x00000000117f0000,0x0000000011a00000] byte_map_base: 0x00000000111f0000

Marking Bits: (ParMarkBitMap*) 0x00000000662d4040
 Begin Bits: [0x0000000012360000, 0x0000000013360000)
 End Bits:   [0x0000000013360000, 0x0000000014360000)

Polling page: 0x0000000000970000

CodeCache: size=245760Kb used=2744Kb max_used=2744Kb free=243015Kb
 bounds [0x0000000002430000, 0x00000000026f0000, 0x0000000011430000]
 total_blobs=998 nmethods=729 adapters=182
 compilation: enabled

Compilation events (10 events):
Event: 2.073 Thread 0x000000001736a000 nmethod 732 0x00000000026d0390 code [0x00000000026d04e0, 0x00000000026d06d0]
Event: 2.073 Thread 0x000000001736a000  735       3       com.android.dx.ssa.back.SsaToRop$PhiVisitor::<init> (10 bytes)
Event: 2.073 Thread 0x000000001736a000 nmethod 735 0x00000000026cffd0 code [0x00000000026d0120, 0x00000000026d02f0]
Event: 2.073 Thread 0x000000001736a000  717   !   3       com.android.dx.ssa.LocalVariableInfo::setStarts (40 bytes)
Event: 2.075 Thread 0x000000001736a000 nmethod 717 0x00000000026cf410 code [0x00000000026cf5e0, 0x00000000026cfc68]
Event: 2.075 Thread 0x000000001736a000  718       3       com.android.dx.ssa.Dominators::getPreds (17 bytes)
Event: 2.076 Thread 0x000000001736a000 nmethod 718 0x00000000026dba50 code [0x00000000026dbbc0, 0x00000000026dbe90]
Event: 2.076 Thread 0x000000001736a000  720       3       com.android.dx.ssa.SsaRenamer$BlockRenamer$RenamingMapper::map (28 bytes)
Event: 2.077 Thread 0x000000001736a000 nmethod 720 0x00000000026db1d0 code [0x00000000026db360, 0x00000000026db828]
Event: 2.077 Thread 0x000000001736a000  736       3       com.android.dx.cf.code.BaseMachine::getLocalTarget (151 bytes)

GC Heap History (0 events):
No events

Deoptimization events (5 events):
Event: 1.891 Thread 0x0000000017612800 Uncommon trap: reason=unstable_if action=reinterpret pc=0x000000000262c520 method=java.util.HashMap.getNode(ILjava/lang/Object;)Ljava/util/HashMap$Node; @ 129
Event: 1.976 Thread 0x0000000017612800 Uncommon trap: reason=class_check action=maybe_recompile pc=0x000000000266a8b0 method=com.android.dx.ssa.NormalSsaInsn.accept(Lcom/android/dx/ssa/SsaInsn$Visitor;)V @ 9
Event: 1.977 Thread 0x0000000017612800 Uncommon trap: reason=class_check action=maybe_recompile pc=0x000000000266a8b0 method=com.android.dx.ssa.NormalSsaInsn.accept(Lcom/android/dx/ssa/SsaInsn$Visitor;)V @ 9
Event: 1.977 Thread 0x0000000017612800 Uncommon trap: reason=class_check action=maybe_recompile pc=0x000000000266a8b0 method=com.android.dx.ssa.NormalSsaInsn.accept(Lcom/android/dx/ssa/SsaInsn$Visitor;)V @ 9
Event: 1.982 Thread 0x0000000017612800 Uncommon trap: reason=class_check action=maybe_recompile pc=0x000000000266a8b0 method=com.android.dx.ssa.NormalSsaInsn.accept(Lcom/android/dx/ssa/SsaInsn$Visitor;)V @ 9

Internal exceptions (2 events):
Event: 0.187 Thread 0x0000000002332800 Exception <a 'java/lang/NoSuchMethodError': Method sun.misc.Unsafe.defineClass(Ljava/lang/String;[BII)Ljava/lang/Class; name or signature does not match> (0x00000000eab0e498) thrown at [C:\re\workspace\8-2-build-windows-amd64-cygwin\jdk8u45\3627\hotspot\sr%@ÚïÇ?
Event: 0.187 Thread 0x0000000002332800 Exception <a 'java/lang/NoSuchMethodError': Method sun.misc.Unsafe.prefetchRead(Ljava/lang/Object;J)V name or signature does not match> (0x00000000eab0e728) thrown at [C:\re\workspace\8-2-build-windows-amd64-cygwin\jdk8u45\3627\hotspot\src\share\vm\prims\j

Events (10 events):
Event: 1.977 Thread 0x0000000017612800 DEOPT UNPACKING pc=0x000000000247582a sp=0x000000001832e790 mode 2
Event: 1.978 loading class java/util/ArrayList$1
Event: 1.979 loading class java/util/ArrayList$1 done
Event: 1.981 Thread 0x0000000017612800 Uncommon trap: trap_request=0xffffffde fr.pc=0x000000000266a8b0
Event: 1.982 Thread 0x0000000017612800 DEOPT PACKING pc=0x000000000266a8b0 sp=0x000000001832eb90
Event: 1.982 Thread 0x0000000017612800 DEOPT UNPACKING pc=0x000000000247582a sp=0x000000001832eb20 mode 2
Event: 2.037 loading class java/util/HashMap$KeySet
Event: 2.038 loading class java/util/HashMap$KeySet done
Event: 2.038 loading class java/util/HashMap$KeyIterator
Event: 2.038 loading class java/util/HashMap$KeyIterator done


Dynamic libraries:
0x00007ff6cb940000 - 0x00007ff6cb977000 	C:\Program Files\Java\jdk1.8.0_45\bin\java.exe
0x00007ffa505c0000 - 0x00007ffa50781000 	C:\WINDOWS\SYSTEM32\ntdll.dll
0x00007ffa4ef00000 - 0x00007ffa4efad000 	C:\WINDOWS\system32\KERNEL32.DLL
0x00007ffa4ce40000 - 0x00007ffa4d028000 	C:\WINDOWS\system32\KERNELBASE.dll
0x00007ffa4e860000 - 0x00007ffa4e907000 	C:\WINDOWS\system32\ADVAPI32.dll
0x00007ffa4ee60000 - 0x00007ffa4eefd000 	C:\WINDOWS\system32\msvcrt.dll
0x00007ffa4e7f0000 - 0x00007ffa4e84b000 	C:\WINDOWS\system32\sechost.dll
0x00007ffa4e910000 - 0x00007ffa4ea2c000 	C:\WINDOWS\system32\RPCRT4.dll
0x00007ffa4d9d0000 - 0x00007ffa4db26000 	C:\WINDOWS\system32\USER32.dll
0x00007ffa4dce0000 - 0x00007ffa4de66000 	C:\WINDOWS\system32\GDI32.dll
0x00007ffa462a0000 - 0x00007ffa46514000 	C:\WINDOWS\WinSxS\amd64_microsoft.windows.common-controls_6595b64144ccf1df_6.0.10586.0_none_8c15ae12515e1c22\COMCTL32.dll
0x00007ffa4eae0000 - 0x00007ffa4ed5d000 	C:\WINDOWS\system32\combase.dll
0x00007ffa4d950000 - 0x00007ffa4d9ba000 	C:\WINDOWS\system32\bcryptPrimitives.dll
0x00007ffa50510000 - 0x00007ffa5054b000 	C:\WINDOWS\system32\IMM32.DLL
0x0000000064f30000 - 0x0000000065002000 	C:\Program Files\Java\jdk1.8.0_45\jre\bin\msvcr100.dll
0x0000000065ad0000 - 0x0000000066353000 	C:\Program Files\Java\jdk1.8.0_45\jre\bin\server\jvm.dll
0x00007ffa4ee50000 - 0x00007ffa4ee58000 	C:\WINDOWS\system32\PSAPI.DLL
0x00007ffa470a0000 - 0x00007ffa470aa000 	C:\WINDOWS\SYSTEM32\VERSION.dll
0x00007ffa4ac40000 - 0x00007ffa4ac63000 	C:\WINDOWS\SYSTEM32\WINMM.dll
0x00007ffa4abe0000 - 0x00007ffa4ac0c000 	C:\WINDOWS\SYSTEM32\WINMMBASE.dll
0x00007ffa4d030000 - 0x00007ffa4d073000 	C:\WINDOWS\system32\cfgmgr32.dll
0x00007ffa3e540000 - 0x00007ffa3e549000 	C:\WINDOWS\SYSTEM32\WSOCK32.dll
0x00007ffa4e620000 - 0x00007ffa4e68b000 	C:\WINDOWS\system32\WS2_32.dll
0x0000000065ac0000 - 0x0000000065acf000 	C:\Program Files\Java\jdk1.8.0_45\jre\bin\verify.dll
0x0000000065a90000 - 0x0000000065ab9000 	C:\Program Files\Java\jdk1.8.0_45\jre\bin\java.dll
0x0000000065a70000 - 0x0000000065a86000 	C:\Program Files\Java\jdk1.8.0_45\jre\bin\zip.dll
0x00007ffa4efb0000 - 0x00007ffa5050c000 	C:\WINDOWS\system32\SHELL32.dll
0x00007ffa4d0a0000 - 0x00007ffa4d6e5000 	C:\WINDOWS\system32\windows.storage.dll
0x00007ffa4e5c0000 - 0x00007ffa4e612000 	C:\WINDOWS\system32\shlwapi.dll
0x00007ffa4cc60000 - 0x00007ffa4cc6f000 	C:\WINDOWS\system32\kernel.appcore.dll
0x00007ffa4d780000 - 0x00007ffa4d835000 	C:\WINDOWS\system32\shcore.dll
0x00007ffa4cc10000 - 0x00007ffa4cc5b000 	C:\WINDOWS\system32\powrprof.dll
0x00007ffa4cbe0000 - 0x00007ffa4cbf4000 	C:\WINDOWS\system32\profapi.dll
0x00007ffa24ae0000 - 0x00007ffa24c6c000 	C:\WINDOWS\SYSTEM32\dbghelp.dll

VM Arguments:
jvm_args: -Djava.awt.headless=true -Xmx1024M -Dfile.encoding=windows-1252 -Duser.country=US -Duser.language=en -Duser.variant 
java_command: com.android.dx.command.Main --dex --force-jumbo --num-threads=4 --multi-dex --output E:\DevLife\MemoryLayersProject\Android\code\codev2\MemoryLayers\app\build\intermediates\transforms\dex\debug\folders\1000\10\com.android.support-support-vector-drawable-23.3.0_4d0afd30aab93a9687c6a02b5fcc2e206e9666d5 E:\DevLife\MemoryLayersProject\Android\code\codev2\MemoryLayers\app\build\intermediates\exploded-aar\com.android.support\support-vector-drawable\23.3.0\jars\classes.jar
java_class_path (initial): C:\Users\ahmed.marzouk\AppData\Local\Android\sdk\build-tools\23.0.3\lib\dx.jar
Launcher Type: SUN_STANDARD

Environment Variables:
JAVA_HOME=C:\PROGRA~1\Java\JDK18~1.0_4
USERNAME=ahmed.marzouk
OS=Windows_NT
PROCESSOR_IDENTIFIER=Intel64 Family 6 Model 60 Stepping 3, GenuineIntel



---------------  S Y S T E M  ---------------

OS: Windows 10.0 , 64 bit Build 10586 (10.0.10586.0)

CPU:total 8 (4 cores per cpu, 2 threads per core) family 6 model 60 stepping 3, cmov, cx8, fxsr, mmx, sse, sse2, sse3, ssse3, sse4.1, sse4.2, popcnt, avx, avx2, aes, clmul, erms, lzcnt, ht, tsc, tscinvbit, bmi1, bmi2

Memory: 4k page, physical 8298776k(798608k free), swap 12994840k(62260k free)

vm_info: Java HotSpot(TM) 64-Bit Server VM (25.45-b02) for windows-amd64 JRE (1.8.0_45-b15), built on Apr 30 2015 12:40:44 by "java_re" with MS VC++ 10.0 (VS2010)

time: Sat Apr 16 07:20:56 2016
elapsed time: 2 seconds (0d 0h 0m 2s)

